hashcat (v6.2.6) starting

You have enabled --force to bypass dangerous warnings and errors!
This can hide serious problems and should only be done when debugging.
Do not report hashcat issues encountered when using --force.

CUDA API (CUDA 13.0)
====================
* Device #1: NVIDIA RTX A6000, 48254/48539 MB, 84MCU

OpenCL API (OpenCL 3.0 CUDA 13.0.94) - Platform #1 [NVIDIA Corporation]
=======================================================================
* Device #2: NVIDIA RTX A6000, skipped

OpenCL API (OpenCL 3.0 PoCL 5.0+debian  Linux, None+Asserts, RELOC, SPIR, LLVM 16.0.6, SLEEF, DISTRO, POCL_DEBUG) - Platform #2 [The pocl project]
==================================================================================================================================================
* Device #3: cpu-skylake-avx512-Intel(R) Xeon(R) Gold 6338 CPU @ 2.00GHz, skipped

Minimum password length supported by kernel: 0
Maximum password length supported by kernel: 256

Counting lines in target_sha256.hash. Please be patient...Counted lines in target_sha256.hashParsed Hashes: 1/1 (100.00%)Parsed Hashes: 1/1 (100.00%)Sorting hashes. Please be patient...Sorted hashesRemoving duplicate hashes. Please be patient...Removed duplicate hashesSorting salts. Please be patient...Sorted saltsGenerating bitmap tables...Generated bitmap tablesHashes: 1 digests; 1 unique digests, 1 unique salts
Bitmaps: 16 bits, 65536 entries, 0x0000ffff mask, 262144 bytes, 5/13 rotates
Rules: 1

Optimizers applied:
* Zero-Byte
* Early-Skip
* Not-Salted
* Not-Iterated
* Single-Hash
* Single-Salt
* Raw-Hash

ATTENTION! Pure (unoptimized) backend kernels selected.
Pure kernels can crack longer passwords, but drastically reduce performance.
If you want to switch to optimized kernels, append -O to your commandline.
See the above message to find out about the exact limits.

Watchdog: Hardware monitoring interface not found on your system.
Watchdog: Temperature abort trigger disabled.

Initializing device kernels and memory. Please be patient...Initializing backend runtime for device #1. Please be patient...Initialized backend runtime for device #1Host memory required for this attack: 1475 MB

Initialized device kernels and memoryStarting self-test. Please be patient...Finished self-testStarting autotune. Please be patient...Finished autotuneStarting attack in stdin mode

Session..........: hashcat
Status...........: Running
Hash.Mode........: 1400 (SHA2-256)
Hash.Target......: 22c3c396875e0c79588773c55eed988454a50fd137da09ccf0d...2d2994
Time.Started.....: Wed Jan 14 10:49:25 2026, (4 secs)
Time.Estimated...: Wed Jan 14 10:49:29 2026, (0 secs; Runtime limited: 56 secs)
Kernel.Feature...: Pure Kernel
Guess.Base.......: Pipe
Speed.#1.........: 12245.0 kH/s (4.28ms) @ Accel:2048 Loops:1 Thr:32 Vec:1
Recovered........: 0/1 (0.00%) Digests (total), 0/1 (0.00%) Digests (new)
Progress.........: 44040192
Rejected.........: 0
Restore.Point....: 0
Restore.Sub.#1...: Salt:0 Amplifier:0-1 Iteration:0-1
Candidate.Engine.: Device Generator
Candidates.#1....: 00000000000000.00000000000000.00000038535168 -> 00000000000000.00000000000000.00000044040191

Session..........: hashcat
Status...........: Running
Hash.Mode........: 1400 (SHA2-256)
Hash.Target......: 22c3c396875e0c79588773c55eed988454a50fd137da09ccf0d...2d2994
Time.Started.....: Wed Jan 14 10:49:25 2026, (9 secs)
Time.Estimated...: Wed Jan 14 10:49:34 2026, (0 secs; Runtime limited: 51 secs)
Kernel.Feature...: Pure Kernel
Guess.Base.......: Pipe
Speed.#1.........: 11498.3 kH/s (4.28ms) @ Accel:2048 Loops:1 Thr:32 Vec:1
Recovered........: 0/1 (0.00%) Digests (total), 0/1 (0.00%) Digests (new)
Progress.........: 99090432
Rejected.........: 0
Restore.Point....: 0
Restore.Sub.#1...: Salt:0 Amplifier:0-1 Iteration:0-1
Candidate.Engine.: Device Generator
Candidates.#1....: 00000000000000.00000000000000.00000093585408 -> 00000000000000.00000000000000.00000099090431

Session..........: hashcat
Status...........: Running
Hash.Mode........: 1400 (SHA2-256)
Hash.Target......: 22c3c396875e0c79588773c55eed988454a50fd137da09ccf0d...2d2994
Time.Started.....: Wed Jan 14 10:49:25 2026, (14 secs)
Time.Estimated...: Wed Jan 14 10:49:39 2026, (0 secs; Runtime limited: 46 secs)
Kernel.Feature...: Pure Kernel
Guess.Base.......: Pipe
Speed.#1.........: 11301.5 kH/s (4.28ms) @ Accel:2048 Loops:1 Thr:32 Vec:1
Recovered........: 0/1 (0.00%) Digests (total), 0/1 (0.00%) Digests (new)
Progress.........: 154140672
Rejected.........: 0
Restore.Point....: 0
Restore.Sub.#1...: Salt:0 Amplifier:0-1 Iteration:0-1
Candidate.Engine.: Device Generator
Candidates.#1....: 00000000000000.00000000000000.00000148635648 -> 00000000000000.00000000000000.00000154140671

Session..........: hashcat
Status...........: Running
Hash.Mode........: 1400 (SHA2-256)
Hash.Target......: 22c3c396875e0c79588773c55eed988454a50fd137da09ccf0d...2d2994
Time.Started.....: Wed Jan 14 10:49:25 2026, (19 secs)
Time.Estimated...: Wed Jan 14 10:49:44 2026, (0 secs; Runtime limited: 41 secs)
Kernel.Feature...: Pure Kernel
Guess.Base.......: Pipe
Speed.#1.........: 11194.2 kH/s (4.28ms) @ Accel:2048 Loops:1 Thr:32 Vec:1
Recovered........: 0/1 (0.00%) Digests (total), 0/1 (0.00%) Digests (new)
Progress.........: 209190912
Rejected.........: 0
Restore.Point....: 0
Restore.Sub.#1...: Salt:0 Amplifier:0-1 Iteration:0-1
Candidate.Engine.: Device Generator
Candidates.#1....: 00000000000000.00000000000000.00000203685888 -> 00000000000000.00000000000000.00000209190911

Session..........: hashcat
Status...........: Running
Hash.Mode........: 1400 (SHA2-256)
Hash.Target......: 22c3c396875e0c79588773c55eed988454a50fd137da09ccf0d...2d2994
Time.Started.....: Wed Jan 14 10:49:25 2026, (24 secs)
Time.Estimated...: Wed Jan 14 10:49:49 2026, (0 secs; Runtime limited: 36 secs)
Kernel.Feature...: Pure Kernel
Guess.Base.......: Pipe
Speed.#1.........: 11110.9 kH/s (4.28ms) @ Accel:2048 Loops:1 Thr:32 Vec:1
Recovered........: 0/1 (0.00%) Digests (total), 0/1 (0.00%) Digests (new)
Progress.........: 264241152
Rejected.........: 0
Restore.Point....: 0
Restore.Sub.#1...: Salt:0 Amplifier:0-1 Iteration:0-1
Candidate.Engine.: Device Generator
Candidates.#1....: 00000000000000.00000000000000.00000258736128 -> 00000000000000.00000000000000.00000264241151

Session..........: hashcat
Status...........: Running
Hash.Mode........: 1400 (SHA2-256)
Hash.Target......: 22c3c396875e0c79588773c55eed988454a50fd137da09ccf0d...2d2994
Time.Started.....: Wed Jan 14 10:49:25 2026, (29 secs)
Time.Estimated...: Wed Jan 14 10:49:54 2026, (0 secs; Runtime limited: 31 secs)
Kernel.Feature...: Pure Kernel
Guess.Base.......: Pipe
Speed.#1.........: 11070.2 kH/s (4.28ms) @ Accel:2048 Loops:1 Thr:32 Vec:1
Recovered........: 0/1 (0.00%) Digests (total), 0/1 (0.00%) Digests (new)
Progress.........: 319291392
Rejected.........: 0
Restore.Point....: 0
Restore.Sub.#1...: Salt:0 Amplifier:0-1 Iteration:0-1
Candidate.Engine.: Device Generator
Candidates.#1....: 00000000000000.00000000000000.00000313786368 -> 00000000000000.00000000000000.00000319291391

Session..........: hashcat
Status...........: Running
Hash.Mode........: 1400 (SHA2-256)
Hash.Target......: 22c3c396875e0c79588773c55eed988454a50fd137da09ccf0d...2d2994
Time.Started.....: Wed Jan 14 10:49:25 2026, (34 secs)
Time.Estimated...: Wed Jan 14 10:49:59 2026, (0 secs; Runtime limited: 26 secs)
Kernel.Feature...: Pure Kernel
Guess.Base.......: Pipe
Speed.#1.........: 11048.7 kH/s (4.28ms) @ Accel:2048 Loops:1 Thr:32 Vec:1
Recovered........: 0/1 (0.00%) Digests (total), 0/1 (0.00%) Digests (new)
Progress.........: 374341632
Rejected.........: 0
Restore.Point....: 0
Restore.Sub.#1...: Salt:0 Amplifier:0-1 Iteration:0-1
Candidate.Engine.: Device Generator
Candidates.#1....: 00000000000000.00000000000000.00000368836608 -> 00000000000000.00000000000000.00000374341631

Session..........: hashcat
Status...........: Running
Hash.Mode........: 1400 (SHA2-256)
Hash.Target......: 22c3c396875e0c79588773c55eed988454a50fd137da09ccf0d...2d2994
Time.Started.....: Wed Jan 14 10:49:25 2026, (39 secs)
Time.Estimated...: Wed Jan 14 10:50:04 2026, (0 secs; Runtime limited: 21 secs)
Kernel.Feature...: Pure Kernel
Guess.Base.......: Pipe
Speed.#1.........: 11031.9 kH/s (4.28ms) @ Accel:2048 Loops:1 Thr:32 Vec:1
Recovered........: 0/1 (0.00%) Digests (total), 0/1 (0.00%) Digests (new)
Progress.........: 423886848
Rejected.........: 0
Restore.Point....: 0
Restore.Sub.#1...: Salt:0 Amplifier:0-1 Iteration:0-1
Candidate.Engine.: Device Generator
Candidates.#1....: 00000000000000.00000000000000.00000423886848 -> 00000000000000.00000000000000.00000429391871

Session..........: hashcat
Status...........: Running
Hash.Mode........: 1400 (SHA2-256)
Hash.Target......: 22c3c396875e0c79588773c55eed988454a50fd137da09ccf0d...2d2994
Time.Started.....: Wed Jan 14 10:49:25 2026, (44 secs)
Time.Estimated...: Wed Jan 14 10:50:09 2026, (0 secs; Runtime limited: 16 secs)
Kernel.Feature...: Pure Kernel
Guess.Base.......: Pipe
Speed.#1.........: 11018.1 kH/s (4.28ms) @ Accel:2048 Loops:1 Thr:32 Vec:1
Recovered........: 0/1 (0.00%) Digests (total), 0/1 (0.00%) Digests (new)
Progress.........: 478937088
Rejected.........: 0
Restore.Point....: 0
Restore.Sub.#1...: Salt:0 Amplifier:0-1 Iteration:0-1
Candidate.Engine.: Device Generator
Candidates.#1....: 00000000000000.00000000000000.00000478937088 -> 00000000000000.00000000000000.00000484442111

Session..........: hashcat
Status...........: Running
Hash.Mode........: 1400 (SHA2-256)
Hash.Target......: 22c3c396875e0c79588773c55eed988454a50fd137da09ccf0d...2d2994
Time.Started.....: Wed Jan 14 10:49:25 2026, (49 secs)
Time.Estimated...: Wed Jan 14 10:50:14 2026, (0 secs; Runtime limited: 11 secs)
Kernel.Feature...: Pure Kernel
Guess.Base.......: Pipe
Speed.#1.........: 11010.3 kH/s (4.28ms) @ Accel:2048 Loops:1 Thr:32 Vec:1
Recovered........: 0/1 (0.00%) Digests (total), 0/1 (0.00%) Digests (new)
Progress.........: 533987328
Rejected.........: 0
Restore.Point....: 0
Restore.Sub.#1...: Salt:0 Amplifier:0-1 Iteration:0-1
Candidate.Engine.: Device Generator
Candidates.#1....: 00000000000000.00000000000000.00000533987328 -> 00000000000000.00000000000000.00000539492351

Session..........: hashcat
Status...........: Running
Hash.Mode........: 1400 (SHA2-256)
Hash.Target......: 22c3c396875e0c79588773c55eed988454a50fd137da09ccf0d...2d2994
Time.Started.....: Wed Jan 14 10:49:25 2026, (54 secs)
Time.Estimated...: Wed Jan 14 10:50:19 2026, (0 secs; Runtime limited: 6 secs)
Kernel.Feature...: Pure Kernel
Guess.Base.......: Pipe
Speed.#1.........: 11002.6 kH/s (4.28ms) @ Accel:2048 Loops:1 Thr:32 Vec:1
Recovered........: 0/1 (0.00%) Digests (total), 0/1 (0.00%) Digests (new)
Progress.........: 589037568
Rejected.........: 0
Restore.Point....: 0
Restore.Sub.#1...: Salt:0 Amplifier:0-1 Iteration:0-1
Candidate.Engine.: Device Generator
Candidates.#1....: 00000000000000.00000000000000.00000589037568 -> 00000000000000.00000000000000.00000594542591

Session..........: hashcat
Status...........: Running
Hash.Mode........: 1400 (SHA2-256)
Hash.Target......: 22c3c396875e0c79588773c55eed988454a50fd137da09ccf0d...2d2994
Time.Started.....: Wed Jan 14 10:49:25 2026, (59 secs)
Time.Estimated...: Wed Jan 14 10:50:24 2026, (0 secs; Runtime limited: 1 sec)
Kernel.Feature...: Pure Kernel
Guess.Base.......: Pipe
Speed.#1.........: 10993.7 kH/s (4.28ms) @ Accel:2048 Loops:1 Thr:32 Vec:1
Recovered........: 0/1 (0.00%) Digests (total), 0/1 (0.00%) Digests (new)
Progress.........: 644087808
Rejected.........: 0
Restore.Point....: 0
Restore.Sub.#1...: Salt:0 Amplifier:0-1 Iteration:0-1
Candidate.Engine.: Device Generator
Candidates.#1....: 00000000000000.00000000000000.00000644087808 -> 00000000000000.00000000000000.00000649592831

Runtime limit reached, aborting
Session..........: hashcat
Status...........: Aborted (Runtime)
Hash.Mode........: 1400 (SHA2-256)
Hash.Target......: 22c3c396875e0c79588773c55eed988454a50fd137da09ccf0d...2d2994
Time.Started.....: Wed Jan 14 10:49:25 2026, (1 min, 0 secs)
Time.Estimated...: Wed Jan 14 10:50:25 2026, (0 secs; Runtime limit exceeded)
Kernel.Feature...: Pure Kernel
Guess.Base.......: Pipe
Speed.#1.........: 10992.6 kH/s (4.28ms) @ Accel:2048 Loops:1 Thr:32 Vec:1
Recovered........: 0/1 (0.00%) Digests (total), 0/1 (0.00%) Digests (new)
Progress.........: 655097856
Rejected.........: 0
Restore.Point....: 0
Restore.Sub.#1...: Salt:0 Amplifier:0-1 Iteration:0-1
Candidate.Engine.: Device Generator
Candidates.#1....: 00000000000000.00000000000000.00000655097856 -> 00000000000000.00000000000000.00000660602879
Runtime limit reached, aborting
Started: Wed Jan 14 10:49:24 2026
Stopped: Wed Jan 14 10:50:26 2026
