hashcat (v6.2.6) starting

You have enabled --force to bypass dangerous warnings and errors!
This can hide serious problems and should only be done when debugging.
Do not report hashcat issues encountered when using --force.

CUDA API (CUDA 13.0)
====================
* Device #1: NVIDIA RTX A6000, 48254/48539 MB, 84MCU

OpenCL API (OpenCL 3.0 CUDA 13.0.94) - Platform #1 [NVIDIA Corporation]
=======================================================================
* Device #2: NVIDIA RTX A6000, skipped

OpenCL API (OpenCL 3.0 PoCL 5.0+debian  Linux, None+Asserts, RELOC, SPIR, LLVM 16.0.6, SLEEF, DISTRO, POCL_DEBUG) - Platform #2 [The pocl project]
==================================================================================================================================================
* Device #3: cpu-skylake-avx512-Intel(R) Xeon(R) Gold 6338 CPU @ 2.00GHz, skipped

Minimum password length supported by kernel: 0
Maximum password length supported by kernel: 256

Counting lines in target_sha256.hash. Please be patient...Counted lines in target_sha256.hashParsed Hashes: 1/1 (100.00%)Parsed Hashes: 1/1 (100.00%)Sorting hashes. Please be patient...Sorted hashesRemoving duplicate hashes. Please be patient...Removed duplicate hashesSorting salts. Please be patient...Sorted saltsGenerating bitmap tables...Generated bitmap tablesHashes: 1 digests; 1 unique digests, 1 unique salts
Bitmaps: 16 bits, 65536 entries, 0x0000ffff mask, 262144 bytes, 5/13 rotates
Rules: 1

Optimizers applied:
* Zero-Byte
* Early-Skip
* Not-Salted
* Not-Iterated
* Single-Hash
* Single-Salt
* Raw-Hash

ATTENTION! Pure (unoptimized) backend kernels selected.
Pure kernels can crack longer passwords, but drastically reduce performance.
If you want to switch to optimized kernels, append -O to your commandline.
See the above message to find out about the exact limits.

Watchdog: Hardware monitoring interface not found on your system.
Watchdog: Temperature abort trigger disabled.

Initializing device kernels and memory. Please be patient...Initializing backend runtime for device #1. Please be patient...Initialized backend runtime for device #1Host memory required for this attack: 1475 MB

Initialized device kernels and memoryStarting self-test. Please be patient...Finished self-testStarting autotune. Please be patient...Finished autotuneStarting attack in stdin mode

Session..........: hashcat
Status...........: Running
Hash.Mode........: 1400 (SHA2-256)
Hash.Target......: 22c3c396875e0c79588773c55eed988454a50fd137da09ccf0d...2d2994
Time.Started.....: Wed Jan 14 10:46:18 2026, (5 secs)
Time.Estimated...: Wed Jan 14 10:46:23 2026, (0 secs; Runtime limited: 55 secs)
Kernel.Feature...: Pure Kernel
Guess.Base.......: Pipe
Speed.#1.........: 13142.5 kH/s (4.28ms) @ Accel:2048 Loops:1 Thr:32 Vec:1
Recovered........: 0/1 (0.00%) Digests (total), 0/1 (0.00%) Digests (new)
Progress.........: 49545216
Rejected.........: 0
Restore.Point....: 0
Restore.Sub.#1...: Salt:0 Amplifier:0-1 Iteration:0-1
Candidate.Engine.: Device Generator
Candidates.#1....: 00000000000000.00000044040192 -> 00000000000000.00000049545215

Session..........: hashcat
Status...........: Running
Hash.Mode........: 1400 (SHA2-256)
Hash.Target......: 22c3c396875e0c79588773c55eed988454a50fd137da09ccf0d...2d2994
Time.Started.....: Wed Jan 14 10:46:18 2026, (10 secs)
Time.Estimated...: Wed Jan 14 10:46:28 2026, (0 secs; Runtime limited: 50 secs)
Kernel.Feature...: Pure Kernel
Guess.Base.......: Pipe
Speed.#1.........: 12408.2 kH/s (4.28ms) @ Accel:2048 Loops:1 Thr:32 Vec:1
Recovered........: 0/1 (0.00%) Digests (total), 0/1 (0.00%) Digests (new)
Progress.........: 104595456
Rejected.........: 0
Restore.Point....: 0
Restore.Sub.#1...: Salt:0 Amplifier:0-1 Iteration:0-1
Candidate.Engine.: Device Generator
Candidates.#1....: 00000000000000.00000104595456 -> 00000000000000.00000110100479

Session..........: hashcat
Status...........: Running
Hash.Mode........: 1400 (SHA2-256)
Hash.Target......: 22c3c396875e0c79588773c55eed988454a50fd137da09ccf0d...2d2994
Time.Started.....: Wed Jan 14 10:46:18 2026, (15 secs)
Time.Estimated...: Wed Jan 14 10:46:33 2026, (0 secs; Runtime limited: 45 secs)
Kernel.Feature...: Pure Kernel
Guess.Base.......: Pipe
Speed.#1.........: 12219.9 kH/s (4.28ms) @ Accel:2048 Loops:1 Thr:32 Vec:1
Recovered........: 0/1 (0.00%) Digests (total), 0/1 (0.00%) Digests (new)
Progress.........: 165150720
Rejected.........: 0
Restore.Point....: 0
Restore.Sub.#1...: Salt:0 Amplifier:0-1 Iteration:0-1
Candidate.Engine.: Device Generator
Candidates.#1....: 00000000000000.00000165150720 -> 00000000000000.00000170655743

Session..........: hashcat
Status...........: Running
Hash.Mode........: 1400 (SHA2-256)
Hash.Target......: 22c3c396875e0c79588773c55eed988454a50fd137da09ccf0d...2d2994
Time.Started.....: Wed Jan 14 10:46:18 2026, (20 secs)
Time.Estimated...: Wed Jan 14 10:46:38 2026, (0 secs; Runtime limited: 40 secs)
Kernel.Feature...: Pure Kernel
Guess.Base.......: Pipe
Speed.#1.........: 12161.1 kH/s (4.28ms) @ Accel:2048 Loops:1 Thr:32 Vec:1
Recovered........: 0/1 (0.00%) Digests (total), 0/1 (0.00%) Digests (new)
Progress.........: 225705984
Rejected.........: 0
Restore.Point....: 0
Restore.Sub.#1...: Salt:0 Amplifier:0-1 Iteration:0-1
Candidate.Engine.: Device Generator
Candidates.#1....: 00000000000000.00000225705984 -> 00000000000000.00000231211007

Session..........: hashcat
Status...........: Running
Hash.Mode........: 1400 (SHA2-256)
Hash.Target......: 22c3c396875e0c79588773c55eed988454a50fd137da09ccf0d...2d2994
Time.Started.....: Wed Jan 14 10:46:18 2026, (25 secs)
Time.Estimated...: Wed Jan 14 10:46:43 2026, (0 secs; Runtime limited: 35 secs)
Kernel.Feature...: Pure Kernel
Guess.Base.......: Pipe
Speed.#1.........: 12147.8 kH/s (4.28ms) @ Accel:2048 Loops:1 Thr:32 Vec:1
Recovered........: 0/1 (0.00%) Digests (total), 0/1 (0.00%) Digests (new)
Progress.........: 286261248
Rejected.........: 0
Restore.Point....: 0
Restore.Sub.#1...: Salt:0 Amplifier:0-1 Iteration:0-1
Candidate.Engine.: Device Generator
Candidates.#1....: 00000000000000.00000286261248 -> 00000000000000.00000291766271

Session..........: hashcat
Status...........: Running
Hash.Mode........: 1400 (SHA2-256)
Hash.Target......: 22c3c396875e0c79588773c55eed988454a50fd137da09ccf0d...2d2994
Time.Started.....: Wed Jan 14 10:46:18 2026, (30 secs)
Time.Estimated...: Wed Jan 14 10:46:48 2026, (0 secs; Runtime limited: 30 secs)
Kernel.Feature...: Pure Kernel
Guess.Base.......: Pipe
Speed.#1.........: 12121.4 kH/s (4.28ms) @ Accel:2048 Loops:1 Thr:32 Vec:1
Recovered........: 0/1 (0.00%) Digests (total), 0/1 (0.00%) Digests (new)
Progress.........: 346816512
Rejected.........: 0
Restore.Point....: 0
Restore.Sub.#1...: Salt:0 Amplifier:0-1 Iteration:0-1
Candidate.Engine.: Device Generator
Candidates.#1....: 00000000000000.00000346816512 -> 00000000000000.00000352321535

Session..........: hashcat
Status...........: Running
Hash.Mode........: 1400 (SHA2-256)
Hash.Target......: 22c3c396875e0c79588773c55eed988454a50fd137da09ccf0d...2d2994
Time.Started.....: Wed Jan 14 10:46:18 2026, (35 secs)
Time.Estimated...: Wed Jan 14 10:46:53 2026, (0 secs; Runtime limited: 25 secs)
Kernel.Feature...: Pure Kernel
Guess.Base.......: Pipe
Speed.#1.........: 12111.2 kH/s (4.28ms) @ Accel:2048 Loops:1 Thr:32 Vec:1
Recovered........: 0/1 (0.00%) Digests (total), 0/1 (0.00%) Digests (new)
Progress.........: 407371776
Rejected.........: 0
Restore.Point....: 0
Restore.Sub.#1...: Salt:0 Amplifier:0-1 Iteration:0-1
Candidate.Engine.: Device Generator
Candidates.#1....: 00000000000000.00000407371776 -> 00000000000000.00000412876799

Session..........: hashcat
Status...........: Running
Hash.Mode........: 1400 (SHA2-256)
Hash.Target......: 22c3c396875e0c79588773c55eed988454a50fd137da09ccf0d...2d2994
Time.Started.....: Wed Jan 14 10:46:18 2026, (40 secs)
Time.Estimated...: Wed Jan 14 10:46:58 2026, (0 secs; Runtime limited: 20 secs)
Kernel.Feature...: Pure Kernel
Guess.Base.......: Pipe
Speed.#1.........: 12097.7 kH/s (4.28ms) @ Accel:2048 Loops:1 Thr:32 Vec:1
Recovered........: 0/1 (0.00%) Digests (total), 0/1 (0.00%) Digests (new)
Progress.........: 467927040
Rejected.........: 0
Restore.Point....: 0
Restore.Sub.#1...: Salt:0 Amplifier:0-1 Iteration:0-1
Candidate.Engine.: Device Generator
Candidates.#1....: 00000000000000.00000467927040 -> 00000000000000.00000473432063

Session..........: hashcat
Status...........: Running
Hash.Mode........: 1400 (SHA2-256)
Hash.Target......: 22c3c396875e0c79588773c55eed988454a50fd137da09ccf0d...2d2994
Time.Started.....: Wed Jan 14 10:46:18 2026, (45 secs)
Time.Estimated...: Wed Jan 14 10:47:03 2026, (0 secs; Runtime limited: 15 secs)
Kernel.Feature...: Pure Kernel
Guess.Base.......: Pipe
Speed.#1.........: 12098.7 kH/s (4.28ms) @ Accel:2048 Loops:1 Thr:32 Vec:1
Recovered........: 0/1 (0.00%) Digests (total), 0/1 (0.00%) Digests (new)
Progress.........: 528482304
Rejected.........: 0
Restore.Point....: 0
Restore.Sub.#1...: Salt:0 Amplifier:0-1 Iteration:0-1
Candidate.Engine.: Device Generator
Candidates.#1....: 00000000000000.00000528482304 -> 00000000000000.00000533987327

Session..........: hashcat
Status...........: Running
Hash.Mode........: 1400 (SHA2-256)
Hash.Target......: 22c3c396875e0c79588773c55eed988454a50fd137da09ccf0d...2d2994
Time.Started.....: Wed Jan 14 10:46:18 2026, (50 secs)
Time.Estimated...: Wed Jan 14 10:47:08 2026, (0 secs; Runtime limited: 10 secs)
Kernel.Feature...: Pure Kernel
Guess.Base.......: Pipe
Speed.#1.........: 12097.9 kH/s (4.28ms) @ Accel:2048 Loops:1 Thr:32 Vec:1
Recovered........: 0/1 (0.00%) Digests (total), 0/1 (0.00%) Digests (new)
Progress.........: 589037568
Rejected.........: 0
Restore.Point....: 0
Restore.Sub.#1...: Salt:0 Amplifier:0-1 Iteration:0-1
Candidate.Engine.: Device Generator
Candidates.#1....: 00000000000000.00000589037568 -> 00000000000000.00000594542591

Session..........: hashcat
Status...........: Running
Hash.Mode........: 1400 (SHA2-256)
Hash.Target......: 22c3c396875e0c79588773c55eed988454a50fd137da09ccf0d...2d2994
Time.Started.....: Wed Jan 14 10:46:18 2026, (55 secs)
Time.Estimated...: Wed Jan 14 10:47:13 2026, (0 secs; Runtime limited: 5 secs)
Kernel.Feature...: Pure Kernel
Guess.Base.......: Pipe
Speed.#1.........: 12109.8 kH/s (4.28ms) @ Accel:2048 Loops:1 Thr:32 Vec:1
Recovered........: 0/1 (0.00%) Digests (total), 0/1 (0.00%) Digests (new)
Progress.........: 655097856
Rejected.........: 0
Restore.Point....: 0
Restore.Sub.#1...: Salt:0 Amplifier:0-1 Iteration:0-1
Candidate.Engine.: Device Generator
Candidates.#1....: 00000000000000.00000649592832 -> 00000000000000.00000655097855

Runtime limit reached, aborting
Session..........: hashcat
Status...........: Aborted (Runtime)
Hash.Mode........: 1400 (SHA2-256)
Hash.Target......: 22c3c396875e0c79588773c55eed988454a50fd137da09ccf0d...2d2994
Time.Started.....: Wed Jan 14 10:46:18 2026, (1 min, 0 secs)
Time.Estimated...: Wed Jan 14 10:47:18 2026, (0 secs; Runtime limit exceeded)
Kernel.Feature...: Pure Kernel
Guess.Base.......: Pipe
Speed.#1.........: 12115.4 kH/s (4.28ms) @ Accel:2048 Loops:1 Thr:32 Vec:1
Recovered........: 0/1 (0.00%) Digests (total), 0/1 (0.00%) Digests (new)
Progress.........: 715653120
Rejected.........: 0
Restore.Point....: 0
Restore.Sub.#1...: Salt:0 Amplifier:0-1 Iteration:0-1
Candidate.Engine.: Device Generator
Candidates.#1....: 00000000000000.00000710148096 -> 00000000000000.00000715653119

Session..........: hashcat
Status...........: Aborted (Runtime)
Hash.Mode........: 1400 (SHA2-256)
Hash.Target......: 22c3c396875e0c79588773c55eed988454a50fd137da09ccf0d...2d2994
Time.Started.....: Wed Jan 14 10:46:18 2026, (1 min, 0 secs)
Time.Estimated...: Wed Jan 14 10:47:18 2026, (0 secs; Runtime limit exceeded)
Kernel.Feature...: Pure Kernel
Guess.Base.......: Pipe
Speed.#1.........: 12115.4 kH/s (4.28ms) @ Accel:2048 Loops:1 Thr:32 Vec:1
Recovered........: 0/1 (0.00%) Digests (total), 0/1 (0.00%) Digests (new)
Progress.........: 715653120
Rejected.........: 0
Restore.Point....: 0
Restore.Sub.#1...: Salt:0 Amplifier:0-1 Iteration:0-1
Candidate.Engine.: Device Generator
Candidates.#1....: 00000000000000.00000710148096 -> 00000000000000.00000715653119
Runtime limit reached, aborting
Started: Wed Jan 14 10:46:17 2026
Stopped: Wed Jan 14 10:47:19 2026
