hashcat (v6.2.6) starting

You have enabled --force to bypass dangerous warnings and errors!
This can hide serious problems and should only be done when debugging.
Do not report hashcat issues encountered when using --force.

CUDA API (CUDA 13.0)
====================
* Device #1: NVIDIA RTX A6000, 48254/48539 MB, 84MCU

OpenCL API (OpenCL 3.0 CUDA 13.0.94) - Platform #1 [NVIDIA Corporation]
=======================================================================
* Device #2: NVIDIA RTX A6000, skipped

OpenCL API (OpenCL 3.0 PoCL 5.0+debian  Linux, None+Asserts, RELOC, SPIR, LLVM 16.0.6, SLEEF, DISTRO, POCL_DEBUG) - Platform #2 [The pocl project]
==================================================================================================================================================
* Device #3: cpu-skylake-avx512-Intel(R) Xeon(R) Gold 6338 CPU @ 2.00GHz, skipped

Minimum password length supported by kernel: 0
Maximum password length supported by kernel: 256

Counting lines in target_sha256.hash. Please be patient...Counted lines in target_sha256.hashParsed Hashes: 1/1 (100.00%)Parsed Hashes: 1/1 (100.00%)Sorting hashes. Please be patient...Sorted hashesRemoving duplicate hashes. Please be patient...Removed duplicate hashesSorting salts. Please be patient...Sorted saltsGenerating bitmap tables...Generated bitmap tablesHashes: 1 digests; 1 unique digests, 1 unique salts
Bitmaps: 16 bits, 65536 entries, 0x0000ffff mask, 262144 bytes, 5/13 rotates
Rules: 1

Optimizers applied:
* Zero-Byte
* Early-Skip
* Not-Salted
* Not-Iterated
* Single-Hash
* Single-Salt
* Raw-Hash

ATTENTION! Pure (unoptimized) backend kernels selected.
Pure kernels can crack longer passwords, but drastically reduce performance.
If you want to switch to optimized kernels, append -O to your commandline.
See the above message to find out about the exact limits.

Watchdog: Hardware monitoring interface not found on your system.
Watchdog: Temperature abort trigger disabled.

Initializing device kernels and memory. Please be patient...Initializing backend runtime for device #1. Please be patient...Initialized backend runtime for device #1Host memory required for this attack: 1475 MB

Initialized device kernels and memoryStarting self-test. Please be patient...Finished self-testStarting autotune. Please be patient...Finished autotuneStarting attack in stdin mode

Session..........: hashcat
Status...........: Running
Hash.Mode........: 1400 (SHA2-256)
Hash.Target......: 22c3c396875e0c79588773c55eed988454a50fd137da09ccf0d...2d2994
Time.Started.....: Wed Jan 14 10:51:29 2026, (5 secs)
Time.Estimated...: Wed Jan 14 10:51:34 2026, (0 secs; Runtime limited: 55 secs)
Kernel.Feature...: Pure Kernel
Guess.Base.......: Pipe
Speed.#1.........: 11707.7 kH/s (4.29ms) @ Accel:2048 Loops:1 Thr:32 Vec:1
Recovered........: 0/1 (0.00%) Digests (total), 0/1 (0.00%) Digests (new)
Progress.........: 44040192
Rejected.........: 0
Restore.Point....: 0
Restore.Sub.#1...: Salt:0 Amplifier:0-1 Iteration:0-1
Candidate.Engine.: Device Generator
Candidates.#1....: 00000000000000.00000000000000.00000000000000.00000038535168 -> 00000000000000.00000000000000.00000000000000.00000044040191

Session..........: hashcat
Status...........: Running
Hash.Mode........: 1400 (SHA2-256)
Hash.Target......: 22c3c396875e0c79588773c55eed988454a50fd137da09ccf0d...2d2994
Time.Started.....: Wed Jan 14 10:51:29 2026, (10 secs)
Time.Estimated...: Wed Jan 14 10:51:39 2026, (0 secs; Runtime limited: 50 secs)
Kernel.Feature...: Pure Kernel
Guess.Base.......: Pipe
Speed.#1.........: 11044.0 kH/s (4.29ms) @ Accel:2048 Loops:1 Thr:32 Vec:1
Recovered........: 0/1 (0.00%) Digests (total), 0/1 (0.00%) Digests (new)
Progress.........: 93585408
Rejected.........: 0
Restore.Point....: 0
Restore.Sub.#1...: Salt:0 Amplifier:0-1 Iteration:0-1
Candidate.Engine.: Device Generator
Candidates.#1....: 00000000000000.00000000000000.00000000000000.00000088080384 -> 00000000000000.00000000000000.00000000000000.00000093585407

Session..........: hashcat
Status...........: Running
Hash.Mode........: 1400 (SHA2-256)
Hash.Target......: 22c3c396875e0c79588773c55eed988454a50fd137da09ccf0d...2d2994
Time.Started.....: Wed Jan 14 10:51:29 2026, (15 secs)
Time.Estimated...: Wed Jan 14 10:51:44 2026, (0 secs; Runtime limited: 45 secs)
Kernel.Feature...: Pure Kernel
Guess.Base.......: Pipe
Speed.#1.........: 10792.5 kH/s (4.29ms) @ Accel:2048 Loops:1 Thr:32 Vec:1
Recovered........: 0/1 (0.00%) Digests (total), 0/1 (0.00%) Digests (new)
Progress.........: 148635648
Rejected.........: 0
Restore.Point....: 0
Restore.Sub.#1...: Salt:0 Amplifier:0-1 Iteration:0-1
Candidate.Engine.: Device Generator
Candidates.#1....: 00000000000000.00000000000000.00000000000000.00000143130624 -> 00000000000000.00000000000000.00000000000000.00000148635647

Session..........: hashcat
Status...........: Running
Hash.Mode........: 1400 (SHA2-256)
Hash.Target......: 22c3c396875e0c79588773c55eed988454a50fd137da09ccf0d...2d2994
Time.Started.....: Wed Jan 14 10:51:29 2026, (20 secs)
Time.Estimated...: Wed Jan 14 10:51:49 2026, (0 secs; Runtime limited: 40 secs)
Kernel.Feature...: Pure Kernel
Guess.Base.......: Pipe
Speed.#1.........: 10703.7 kH/s (4.29ms) @ Accel:2048 Loops:1 Thr:32 Vec:1
Recovered........: 0/1 (0.00%) Digests (total), 0/1 (0.00%) Digests (new)
Progress.........: 198180864
Rejected.........: 0
Restore.Point....: 0
Restore.Sub.#1...: Salt:0 Amplifier:0-1 Iteration:0-1
Candidate.Engine.: Device Generator
Candidates.#1....: 00000000000000.00000000000000.00000000000000.00000192675840 -> 00000000000000.00000000000000.00000000000000.00000198180863

Session..........: hashcat
Status...........: Running
Hash.Mode........: 1400 (SHA2-256)
Hash.Target......: 22c3c396875e0c79588773c55eed988454a50fd137da09ccf0d...2d2994
Time.Started.....: Wed Jan 14 10:51:29 2026, (25 secs)
Time.Estimated...: Wed Jan 14 10:51:54 2026, (0 secs; Runtime limited: 35 secs)
Kernel.Feature...: Pure Kernel
Guess.Base.......: Pipe
Speed.#1.........: 10658.4 kH/s (4.29ms) @ Accel:2048 Loops:1 Thr:32 Vec:1
Recovered........: 0/1 (0.00%) Digests (total), 0/1 (0.00%) Digests (new)
Progress.........: 253231104
Rejected.........: 0
Restore.Point....: 0
Restore.Sub.#1...: Salt:0 Amplifier:0-1 Iteration:0-1
Candidate.Engine.: Device Generator
Candidates.#1....: 00000000000000.00000000000000.00000000000000.00000247726080 -> 00000000000000.00000000000000.00000000000000.00000253231103

Session..........: hashcat
Status...........: Running
Hash.Mode........: 1400 (SHA2-256)
Hash.Target......: 22c3c396875e0c79588773c55eed988454a50fd137da09ccf0d...2d2994
Time.Started.....: Wed Jan 14 10:51:29 2026, (30 secs)
Time.Estimated...: Wed Jan 14 10:51:59 2026, (0 secs; Runtime limited: 30 secs)
Kernel.Feature...: Pure Kernel
Guess.Base.......: Pipe
Speed.#1.........: 10634.6 kH/s (4.29ms) @ Accel:2048 Loops:1 Thr:32 Vec:1
Recovered........: 0/1 (0.00%) Digests (total), 0/1 (0.00%) Digests (new)
Progress.........: 302776320
Rejected.........: 0
Restore.Point....: 0
Restore.Sub.#1...: Salt:0 Amplifier:0-1 Iteration:0-1
Candidate.Engine.: Device Generator
Candidates.#1....: 00000000000000.00000000000000.00000000000000.00000297271296 -> 00000000000000.00000000000000.00000000000000.00000302776319

Session..........: hashcat
Status...........: Running
Hash.Mode........: 1400 (SHA2-256)
Hash.Target......: 22c3c396875e0c79588773c55eed988454a50fd137da09ccf0d...2d2994
Time.Started.....: Wed Jan 14 10:51:29 2026, (35 secs)
Time.Estimated...: Wed Jan 14 10:52:04 2026, (0 secs; Runtime limited: 25 secs)
Kernel.Feature...: Pure Kernel
Guess.Base.......: Pipe
Speed.#1.........: 10612.8 kH/s (4.29ms) @ Accel:2048 Loops:1 Thr:32 Vec:1
Recovered........: 0/1 (0.00%) Digests (total), 0/1 (0.00%) Digests (new)
Progress.........: 357826560
Rejected.........: 0
Restore.Point....: 0
Restore.Sub.#1...: Salt:0 Amplifier:0-1 Iteration:0-1
Candidate.Engine.: Device Generator
Candidates.#1....: 00000000000000.00000000000000.00000000000000.00000352321536 -> 00000000000000.00000000000000.00000000000000.00000357826559

Session..........: hashcat
Status...........: Running
Hash.Mode........: 1400 (SHA2-256)
Hash.Target......: 22c3c396875e0c79588773c55eed988454a50fd137da09ccf0d...2d2994
Time.Started.....: Wed Jan 14 10:51:29 2026, (40 secs)
Time.Estimated...: Wed Jan 14 10:52:09 2026, (0 secs; Runtime limited: 20 secs)
Kernel.Feature...: Pure Kernel
Guess.Base.......: Pipe
Speed.#1.........: 10598.8 kH/s (4.29ms) @ Accel:2048 Loops:1 Thr:32 Vec:1
Recovered........: 0/1 (0.00%) Digests (total), 0/1 (0.00%) Digests (new)
Progress.........: 407371776
Rejected.........: 0
Restore.Point....: 0
Restore.Sub.#1...: Salt:0 Amplifier:0-1 Iteration:0-1
Candidate.Engine.: Device Generator
Candidates.#1....: 00000000000000.00000000000000.00000000000000.00000407371776 -> 00000000000000.00000000000000.00000000000000.00000412876799

Session..........: hashcat
Status...........: Running
Hash.Mode........: 1400 (SHA2-256)
Hash.Target......: 22c3c396875e0c79588773c55eed988454a50fd137da09ccf0d...2d2994
Time.Started.....: Wed Jan 14 10:51:29 2026, (45 secs)
Time.Estimated...: Wed Jan 14 10:52:14 2026, (0 secs; Runtime limited: 15 secs)
Kernel.Feature...: Pure Kernel
Guess.Base.......: Pipe
Speed.#1.........: 10587.5 kH/s (4.29ms) @ Accel:2048 Loops:1 Thr:32 Vec:1
Recovered........: 0/1 (0.00%) Digests (total), 0/1 (0.00%) Digests (new)
Progress.........: 462422016
Rejected.........: 0
Restore.Point....: 0
Restore.Sub.#1...: Salt:0 Amplifier:0-1 Iteration:0-1
Candidate.Engine.: Device Generator
Candidates.#1....: 00000000000000.00000000000000.00000000000000.00000456916992 -> 00000000000000.00000000000000.00000000000000.00000462422015

Session..........: hashcat
Status...........: Running
Hash.Mode........: 1400 (SHA2-256)
Hash.Target......: 22c3c396875e0c79588773c55eed988454a50fd137da09ccf0d...2d2994
Time.Started.....: Wed Jan 14 10:51:29 2026, (50 secs)
Time.Estimated...: Wed Jan 14 10:52:19 2026, (0 secs; Runtime limited: 10 secs)
Kernel.Feature...: Pure Kernel
Guess.Base.......: Pipe
Speed.#1.........: 10577.9 kH/s (4.29ms) @ Accel:2048 Loops:1 Thr:32 Vec:1
Recovered........: 0/1 (0.00%) Digests (total), 0/1 (0.00%) Digests (new)
Progress.........: 517472256
Rejected.........: 0
Restore.Point....: 0
Restore.Sub.#1...: Salt:0 Amplifier:0-1 Iteration:0-1
Candidate.Engine.: Device Generator
Candidates.#1....: 00000000000000.00000000000000.00000000000000.00000511967232 -> 00000000000000.00000000000000.00000000000000.00000517472255

Session..........: hashcat
Status...........: Running
Hash.Mode........: 1400 (SHA2-256)
Hash.Target......: 22c3c396875e0c79588773c55eed988454a50fd137da09ccf0d...2d2994
Time.Started.....: Wed Jan 14 10:51:29 2026, (55 secs)
Time.Estimated...: Wed Jan 14 10:52:24 2026, (0 secs; Runtime limited: 5 secs)
Kernel.Feature...: Pure Kernel
Guess.Base.......: Pipe
Speed.#1.........: 10565.7 kH/s (4.29ms) @ Accel:2048 Loops:1 Thr:32 Vec:1
Recovered........: 0/1 (0.00%) Digests (total), 0/1 (0.00%) Digests (new)
Progress.........: 567017472
Rejected.........: 0
Restore.Point....: 0
Restore.Sub.#1...: Salt:0 Amplifier:0-1 Iteration:0-1
Candidate.Engine.: Device Generator
Candidates.#1....: 00000000000000.00000000000000.00000000000000.00000561512448 -> 00000000000000.00000000000000.00000000000000.00000567017471

Runtime limit reached, aborting
Session..........: hashcat
Status...........: Aborted (Runtime)
Hash.Mode........: 1400 (SHA2-256)
Hash.Target......: 22c3c396875e0c79588773c55eed988454a50fd137da09ccf0d...2d2994
Time.Started.....: Wed Jan 14 10:51:29 2026, (1 min, 0 secs)
Time.Estimated...: Wed Jan 14 10:52:29 2026, (0 secs; Runtime limit exceeded)
Kernel.Feature...: Pure Kernel
Guess.Base.......: Pipe
Speed.#1.........: 10557.2 kH/s (4.29ms) @ Accel:2048 Loops:1 Thr:32 Vec:1
Recovered........: 0/1 (0.00%) Digests (total), 0/1 (0.00%) Digests (new)
Progress.........: 622067712
Rejected.........: 0
Restore.Point....: 0
Restore.Sub.#1...: Salt:0 Amplifier:0-1 Iteration:0-1
Candidate.Engine.: Device Generator
Candidates.#1....: 00000000000000.00000000000000.00000000000000.00000616562688 -> 00000000000000.00000000000000.00000000000000.00000622067711

Session..........: hashcat
Status...........: Aborted (Runtime)
Hash.Mode........: 1400 (SHA2-256)
Hash.Target......: 22c3c396875e0c79588773c55eed988454a50fd137da09ccf0d...2d2994
Time.Started.....: Wed Jan 14 10:51:29 2026, (1 min, 0 secs)
Time.Estimated...: Wed Jan 14 10:52:29 2026, (0 secs; Runtime limit exceeded)
Kernel.Feature...: Pure Kernel
Guess.Base.......: Pipe
Speed.#1.........: 10557.2 kH/s (4.29ms) @ Accel:2048 Loops:1 Thr:32 Vec:1
Recovered........: 0/1 (0.00%) Digests (total), 0/1 (0.00%) Digests (new)
Progress.........: 622067712
Rejected.........: 0
Restore.Point....: 0
Restore.Sub.#1...: Salt:0 Amplifier:0-1 Iteration:0-1
Candidate.Engine.: Device Generator
Candidates.#1....: 00000000000000.00000000000000.00000000000000.00000616562688 -> 00000000000000.00000000000000.00000000000000.00000622067711
Runtime limit reached, aborting
Started: Wed Jan 14 10:51:28 2026
Stopped: Wed Jan 14 10:52:30 2026
