=== RAW Hashcat GPU Benchmark Logger (mode 12100) ===
Started: 2026-01-12T12:45:59+01:00
Hashcat: v6.2.6
RUNS=1000  WARMUP=3  WORKLOAD=3  DEVICE=<all>
GPU(s):
0, NVIDIA RTX A6000, 580.95.05, P8, 300.00 W, 210 MHz, 405 MHz, 36

--- Warmup (3 runs, not recorded) ---
Warmup 1/3 done
Warmup 2/3 done
Warmup 3/3 done

--- Collecting 1000 runs (recorded) ---
Run 1/1000 @ 2026-01-12T12:46:11+01:00 ...
  Parsed: 1372.5 kH/s
Run 2/1000 @ 2026-01-12T12:46:15+01:00 ...
  Parsed: 1369.7 kH/s
Run 3/1000 @ 2026-01-12T12:46:19+01:00 ...
  Parsed: 1335.1 kH/s
Run 4/1000 @ 2026-01-12T12:46:23+01:00 ...
  Parsed: 1349.7 kH/s
Run 5/1000 @ 2026-01-12T12:46:27+01:00 ...
  Parsed: 1354.0 kH/s
Run 6/1000 @ 2026-01-12T12:46:31+01:00 ...
  Parsed: 1351.6 kH/s
Run 7/1000 @ 2026-01-12T12:46:35+01:00 ...
  Parsed: 1325.0 kH/s
Run 8/1000 @ 2026-01-12T12:46:39+01:00 ...
  Parsed: 1347.5 kH/s
Run 9/1000 @ 2026-01-12T12:46:43+01:00 ...
  Parsed: 1342.4 kH/s
Run 10/1000 @ 2026-01-12T12:46:47+01:00 ...
  Parsed: 1341.3 kH/s
Run 11/1000 @ 2026-01-12T12:46:51+01:00 ...
  Parsed: 1339.6 kH/s
Run 12/1000 @ 2026-01-12T12:46:55+01:00 ...
  Parsed: 1312.3 kH/s
Run 13/1000 @ 2026-01-12T12:46:59+01:00 ...
  Parsed: 1341.3 kH/s
Run 14/1000 @ 2026-01-12T12:47:03+01:00 ...
  Parsed: 1333.4 kH/s
Run 15/1000 @ 2026-01-12T12:47:07+01:00 ...
  Parsed: 1329.1 kH/s
Run 16/1000 @ 2026-01-12T12:47:12+01:00 ...
  Parsed: 1328.3 kH/s
Run 17/1000 @ 2026-01-12T12:47:15+01:00 ...
  Parsed: 1328.8 kH/s
Run 18/1000 @ 2026-01-12T12:47:19+01:00 ...
  Parsed: 1267.6 kH/s
Run 19/1000 @ 2026-01-12T12:47:23+01:00 ...
  Parsed: 1308.0 kH/s
Run 20/1000 @ 2026-01-12T12:47:27+01:00 ...
  Parsed: 1300.4 kH/s
Run 21/1000 @ 2026-01-12T12:47:30+01:00 ...
  Parsed: 1333.1 kH/s
Run 22/1000 @ 2026-01-12T12:47:35+01:00 ...
  Parsed: 1328.5 kH/s
Run 23/1000 @ 2026-01-12T12:47:39+01:00 ...
  Parsed: 1327.3 kH/s
Run 24/1000 @ 2026-01-12T12:47:43+01:00 ...
  Parsed: 1314.4 kH/s
Run 25/1000 @ 2026-01-12T12:47:47+01:00 ...
  Parsed: 1315.5 kH/s
Run 26/1000 @ 2026-01-12T12:47:52+01:00 ...
  Parsed: 1314.6 kH/s
Run 27/1000 @ 2026-01-12T12:47:56+01:00 ...
  Parsed: 1318.6 kH/s
Run 28/1000 @ 2026-01-12T12:48:00+01:00 ...
  Parsed: 1316.9 kH/s
Run 29/1000 @ 2026-01-12T12:48:04+01:00 ...
  Parsed: 1295.0 kH/s
Run 30/1000 @ 2026-01-12T12:48:08+01:00 ...
  Parsed: 1296.0 kH/s
Run 31/1000 @ 2026-01-12T12:48:11+01:00 ...
  Parsed: 1295.4 kH/s
Run 32/1000 @ 2026-01-12T12:48:15+01:00 ...
  Parsed: 1298.4 kH/s
Run 33/1000 @ 2026-01-12T12:48:19+01:00 ...
  Parsed: 1293.9 kH/s
Run 34/1000 @ 2026-01-12T12:48:23+01:00 ...
  Parsed: 1256.8 kH/s
Run 35/1000 @ 2026-01-12T12:48:26+01:00 ...
  Parsed: 1296.2 kH/s
Run 36/1000 @ 2026-01-12T12:48:30+01:00 ...
  Parsed: 1296.2 kH/s
Run 37/1000 @ 2026-01-12T12:48:34+01:00 ...
  Parsed: 1295.8 kH/s
Run 38/1000 @ 2026-01-12T12:48:37+01:00 ...
  Parsed: 1256.9 kH/s
Run 39/1000 @ 2026-01-12T12:48:41+01:00 ...
  Parsed: 1293.8 kH/s
Run 40/1000 @ 2026-01-12T12:48:45+01:00 ...
  Parsed: 1297.1 kH/s
Run 41/1000 @ 2026-01-12T12:48:48+01:00 ...
  Parsed: 1314.5 kH/s
Run 42/1000 @ 2026-01-12T12:48:52+01:00 ...
  Parsed: 1260.3 kH/s
Run 43/1000 @ 2026-01-12T12:48:56+01:00 ...
  Parsed: 1256.1 kH/s
Run 44/1000 @ 2026-01-12T12:49:00+01:00 ...
  Parsed: 1295.1 kH/s
Run 45/1000 @ 2026-01-12T12:49:03+01:00 ...
  Parsed: 1326.4 kH/s
Run 46/1000 @ 2026-01-12T12:49:08+01:00 ...
  Parsed: 1298.0 kH/s
Run 47/1000 @ 2026-01-12T12:49:11+01:00 ...
  Parsed: 1323.4 kH/s
Run 48/1000 @ 2026-01-12T12:49:16+01:00 ...
  Parsed: 1297.9 kH/s
Run 49/1000 @ 2026-01-12T12:49:19+01:00 ...
  Parsed: 1319.4 kH/s
Run 50/1000 @ 2026-01-12T12:49:24+01:00 ...
  Parsed: 1321.4 kH/s
Run 51/1000 @ 2026-01-12T12:49:28+01:00 ...
  Parsed: 1318.5 kH/s
Run 52/1000 @ 2026-01-12T12:49:32+01:00 ...
  Parsed: 1319.0 kH/s
Run 53/1000 @ 2026-01-12T12:49:36+01:00 ...
  Parsed: 1320.0 kH/s
Run 54/1000 @ 2026-01-12T12:49:41+01:00 ...
  Parsed: 1316.7 kH/s
Run 55/1000 @ 2026-01-12T12:49:45+01:00 ...
  Parsed: 1320.0 kH/s
Run 56/1000 @ 2026-01-12T12:49:49+01:00 ...
  Parsed: 1319.0 kH/s
Run 57/1000 @ 2026-01-12T12:49:53+01:00 ...
  Parsed: 1324.8 kH/s
Run 58/1000 @ 2026-01-12T12:49:58+01:00 ...
  Parsed: 1323.0 kH/s
Run 59/1000 @ 2026-01-12T12:50:02+01:00 ...
  Parsed: 1320.1 kH/s
Run 60/1000 @ 2026-01-12T12:50:06+01:00 ...
  Parsed: 1323.2 kH/s
Run 61/1000 @ 2026-01-12T12:50:10+01:00 ...
  Parsed: 1321.6 kH/s
Run 62/1000 @ 2026-01-12T12:50:15+01:00 ...
  Parsed: 1321.5 kH/s
Run 63/1000 @ 2026-01-12T12:50:19+01:00 ...
  Parsed: 1320.2 kH/s
Run 64/1000 @ 2026-01-12T12:50:23+01:00 ...
  Parsed: 1323.2 kH/s
Run 65/1000 @ 2026-01-12T12:50:27+01:00 ...
  Parsed: 1318.9 kH/s
Run 66/1000 @ 2026-01-12T12:50:32+01:00 ...
  Parsed: 1321.8 kH/s
Run 67/1000 @ 2026-01-12T12:50:36+01:00 ...
  Parsed: 1318.2 kH/s
Run 68/1000 @ 2026-01-12T12:50:40+01:00 ...
  Parsed: 1320.8 kH/s
Run 69/1000 @ 2026-01-12T12:50:44+01:00 ...
  Parsed: 1317.5 kH/s
Run 70/1000 @ 2026-01-12T12:50:48+01:00 ...
  Parsed: 1316.9 kH/s
Run 71/1000 @ 2026-01-12T12:50:53+01:00 ...
  Parsed: 1318.7 kH/s
Run 72/1000 @ 2026-01-12T12:50:57+01:00 ...
  Parsed: 1313.2 kH/s
Run 73/1000 @ 2026-01-12T12:51:01+01:00 ...
  Parsed: 1313.3 kH/s
Run 74/1000 @ 2026-01-12T12:51:05+01:00 ...
  Parsed: 1310.4 kH/s
Run 75/1000 @ 2026-01-12T12:51:10+01:00 ...
  Parsed: 1315.5 kH/s
Run 76/1000 @ 2026-01-12T12:51:14+01:00 ...
  Parsed: 1312.7 kH/s
Run 77/1000 @ 2026-01-12T12:51:18+01:00 ...
  Parsed: 1310.2 kH/s
Run 78/1000 @ 2026-01-12T12:51:22+01:00 ...
  Parsed: 1315.4 kH/s
Run 79/1000 @ 2026-01-12T12:51:27+01:00 ...
  Parsed: 1316.9 kH/s
Run 80/1000 @ 2026-01-12T12:51:31+01:00 ...
  Parsed: 1315.4 kH/s
Run 81/1000 @ 2026-01-12T12:51:35+01:00 ...
  Parsed: 1312.7 kH/s
Run 82/1000 @ 2026-01-12T12:51:39+01:00 ...
  Parsed: 1311.7 kH/s
Run 83/1000 @ 2026-01-12T12:51:44+01:00 ...
  Parsed: 1312.4 kH/s
Run 84/1000 @ 2026-01-12T12:51:48+01:00 ...
  Parsed: 1316.8 kH/s
Run 85/1000 @ 2026-01-12T12:51:52+01:00 ...
  Parsed: 1315.8 kH/s
Run 86/1000 @ 2026-01-12T12:51:56+01:00 ...
  Parsed: 1315.6 kH/s
Run 87/1000 @ 2026-01-12T12:52:01+01:00 ...
  Parsed: 1313.7 kH/s
Run 88/1000 @ 2026-01-12T12:52:05+01:00 ...
  Parsed: 1315.0 kH/s
Run 89/1000 @ 2026-01-12T12:52:09+01:00 ...
  Parsed: 1312.4 kH/s
Run 90/1000 @ 2026-01-12T12:52:13+01:00 ...
  Parsed: 1316.1 kH/s
Run 91/1000 @ 2026-01-12T12:52:18+01:00 ...
  Parsed: 1306.5 kH/s
Run 92/1000 @ 2026-01-12T12:52:21+01:00 ...
  Parsed: 1285.1 kH/s
Run 93/1000 @ 2026-01-12T12:52:25+01:00 ...
  Parsed: 1321.2 kH/s
Run 94/1000 @ 2026-01-12T12:52:29+01:00 ...
  Parsed: 1259.2 kH/s
Run 95/1000 @ 2026-01-12T12:52:33+01:00 ...
  Parsed: 1294.4 kH/s
Run 96/1000 @ 2026-01-12T12:52:37+01:00 ...
  Parsed: 1291.5 kH/s
Run 97/1000 @ 2026-01-12T12:52:40+01:00 ...
  Parsed: 1316.5 kH/s
Run 98/1000 @ 2026-01-12T12:52:45+01:00 ...
  Parsed: 1317.3 kH/s
Run 99/1000 @ 2026-01-12T12:52:49+01:00 ...
  Parsed: 1313.4 kH/s
Run 100/1000 @ 2026-01-12T12:52:53+01:00 ...
  Parsed: 1287.4 kH/s
Run 101/1000 @ 2026-01-12T12:52:57+01:00 ...
  Parsed: 1314.3 kH/s
Run 102/1000 @ 2026-01-12T12:53:01+01:00 ...
  Parsed: 1318.0 kH/s
Run 103/1000 @ 2026-01-12T12:53:05+01:00 ...
  Parsed: 1317.8 kH/s
Run 104/1000 @ 2026-01-12T12:53:10+01:00 ...
  Parsed: 1288.5 kH/s
Run 105/1000 @ 2026-01-12T12:53:13+01:00 ...
  Parsed: 1319.8 kH/s
Run 106/1000 @ 2026-01-12T12:53:18+01:00 ...
  Parsed: 1289.3 kH/s
Run 107/1000 @ 2026-01-12T12:53:21+01:00 ...
  Parsed: 1316.5 kH/s
Run 108/1000 @ 2026-01-12T12:53:26+01:00 ...
  Parsed: 1318.4 kH/s
Run 109/1000 @ 2026-01-12T12:53:30+01:00 ...
  Parsed: 1321.8 kH/s
Run 110/1000 @ 2026-01-12T12:53:34+01:00 ...
  Parsed: 1316.9 kH/s
Run 111/1000 @ 2026-01-12T12:53:38+01:00 ...
  Parsed: 1313.0 kH/s
Run 112/1000 @ 2026-01-12T12:53:43+01:00 ...
  Parsed: 1316.3 kH/s
Run 113/1000 @ 2026-01-12T12:53:47+01:00 ...
  Parsed: 1314.7 kH/s
Run 114/1000 @ 2026-01-12T12:53:51+01:00 ...
  Parsed: 1316.0 kH/s
Run 115/1000 @ 2026-01-12T12:53:55+01:00 ...
  Parsed: 1315.0 kH/s
Run 116/1000 @ 2026-01-12T12:54:00+01:00 ...
  Parsed: 1314.4 kH/s
Run 117/1000 @ 2026-01-12T12:54:04+01:00 ...
  Parsed: 1314.0 kH/s
Run 118/1000 @ 2026-01-12T12:54:08+01:00 ...
  Parsed: 1317.1 kH/s
Run 119/1000 @ 2026-01-12T12:54:12+01:00 ...
  Parsed: 1292.8 kH/s
Run 120/1000 @ 2026-01-12T12:54:16+01:00 ...
  Parsed: 1315.1 kH/s
Run 121/1000 @ 2026-01-12T12:54:20+01:00 ...
  Parsed: 1313.8 kH/s
Run 122/1000 @ 2026-01-12T12:54:24+01:00 ...
  Parsed: 1314.3 kH/s
Run 123/1000 @ 2026-01-12T12:54:29+01:00 ...
  Parsed: 1316.5 kH/s
Run 124/1000 @ 2026-01-12T12:54:33+01:00 ...
  Parsed: 1313.8 kH/s
Run 125/1000 @ 2026-01-12T12:54:37+01:00 ...
  Parsed: 1315.6 kH/s
Run 126/1000 @ 2026-01-12T12:54:41+01:00 ...
  Parsed: 1318.2 kH/s
Run 127/1000 @ 2026-01-12T12:54:46+01:00 ...
  Parsed: 1291.7 kH/s
Run 128/1000 @ 2026-01-12T12:54:49+01:00 ...
  Parsed: 1314.4 kH/s
Run 129/1000 @ 2026-01-12T12:54:54+01:00 ...
  Parsed: 1315.5 kH/s
Run 130/1000 @ 2026-01-12T12:54:58+01:00 ...
  Parsed: 1316.4 kH/s
Run 131/1000 @ 2026-01-12T12:55:02+01:00 ...
  Parsed: 1316.8 kH/s
Run 132/1000 @ 2026-01-12T12:55:06+01:00 ...
  Parsed: 1315.4 kH/s
Run 133/1000 @ 2026-01-12T12:55:11+01:00 ...
  Parsed: 1315.0 kH/s
Run 134/1000 @ 2026-01-12T12:55:15+01:00 ...
  Parsed: 1313.5 kH/s
Run 135/1000 @ 2026-01-12T12:55:19+01:00 ...
  Parsed: 1314.6 kH/s
Run 136/1000 @ 2026-01-12T12:55:23+01:00 ...
  Parsed: 1315.1 kH/s
Run 137/1000 @ 2026-01-12T12:55:28+01:00 ...
  Parsed: 1291.6 kH/s
Run 138/1000 @ 2026-01-12T12:55:31+01:00 ...
  Parsed: 1316.8 kH/s
Run 139/1000 @ 2026-01-12T12:55:36+01:00 ...
  Parsed: 1313.9 kH/s
Run 140/1000 @ 2026-01-12T12:55:40+01:00 ...
  Parsed: 1313.7 kH/s
Run 141/1000 @ 2026-01-12T12:55:44+01:00 ...
  Parsed: 1310.6 kH/s
Run 142/1000 @ 2026-01-12T12:55:48+01:00 ...
  Parsed: 1315.3 kH/s
Run 143/1000 @ 2026-01-12T12:55:53+01:00 ...
  Parsed: 1252.3 kH/s
Run 144/1000 @ 2026-01-12T12:55:56+01:00 ...
  Parsed: 1317.5 kH/s
Run 145/1000 @ 2026-01-12T12:56:01+01:00 ...
  Parsed: 1316.9 kH/s
Run 146/1000 @ 2026-01-12T12:56:05+01:00 ...
  Parsed: 1316.8 kH/s
Run 147/1000 @ 2026-01-12T12:56:09+01:00 ...
  Parsed: 1314.5 kH/s
Run 148/1000 @ 2026-01-12T12:56:13+01:00 ...
  Parsed: 1250.6 kH/s
Run 149/1000 @ 2026-01-12T12:56:17+01:00 ...
  Parsed: 1316.9 kH/s
Run 150/1000 @ 2026-01-12T12:56:21+01:00 ...
  Parsed: 1315.7 kH/s
Run 151/1000 @ 2026-01-12T12:56:25+01:00 ...
  Parsed: 1315.9 kH/s
Run 152/1000 @ 2026-01-12T12:56:30+01:00 ...
  Parsed: 1313.7 kH/s
Run 153/1000 @ 2026-01-12T12:56:34+01:00 ...
  Parsed: 1315.8 kH/s
Run 154/1000 @ 2026-01-12T12:56:38+01:00 ...
  Parsed: 1314.4 kH/s
Run 155/1000 @ 2026-01-12T12:56:42+01:00 ...
  Parsed: 1316.6 kH/s
Run 156/1000 @ 2026-01-12T12:56:47+01:00 ...
  Parsed: 1315.3 kH/s
Run 157/1000 @ 2026-01-12T12:56:51+01:00 ...
  Parsed: 1314.3 kH/s
Run 158/1000 @ 2026-01-12T12:56:55+01:00 ...
  Parsed: 1315.7 kH/s
Run 159/1000 @ 2026-01-12T12:56:59+01:00 ...
  Parsed: 1315.4 kH/s
Run 160/1000 @ 2026-01-12T12:57:04+01:00 ...
  Parsed: 1314.8 kH/s
Run 161/1000 @ 2026-01-12T12:57:08+01:00 ...
  Parsed: 1315.3 kH/s
Run 162/1000 @ 2026-01-12T12:57:12+01:00 ...
  Parsed: 1316.4 kH/s
Run 163/1000 @ 2026-01-12T12:57:16+01:00 ...
  Parsed: 1316.6 kH/s
Run 164/1000 @ 2026-01-12T12:57:21+01:00 ...
  Parsed: 1315.0 kH/s
Run 165/1000 @ 2026-01-12T12:57:25+01:00 ...
  Parsed: 1316.0 kH/s
Run 166/1000 @ 2026-01-12T12:57:29+01:00 ...
  Parsed: 1314.2 kH/s
Run 167/1000 @ 2026-01-12T12:57:33+01:00 ...
  Parsed: 1314.4 kH/s
Run 168/1000 @ 2026-01-12T12:57:38+01:00 ...
  Parsed: 1307.2 kH/s
Run 169/1000 @ 2026-01-12T12:57:42+01:00 ...
  Parsed: 1315.4 kH/s
Run 170/1000 @ 2026-01-12T12:57:46+01:00 ...
  Parsed: 1316.1 kH/s
Run 171/1000 @ 2026-01-12T12:57:50+01:00 ...
  Parsed: 1315.4 kH/s
Run 172/1000 @ 2026-01-12T12:57:54+01:00 ...
  Parsed: 1248.9 kH/s
Run 173/1000 @ 2026-01-12T12:57:58+01:00 ...
  Parsed: 1319.0 kH/s
Run 174/1000 @ 2026-01-12T12:58:02+01:00 ...
  Parsed: 1317.3 kH/s
Run 175/1000 @ 2026-01-12T12:58:06+01:00 ...
  Parsed: 1317.2 kH/s
Run 176/1000 @ 2026-01-12T12:58:11+01:00 ...
  Parsed: 1319.0 kH/s
Run 177/1000 @ 2026-01-12T12:58:15+01:00 ...
  Parsed: 1317.0 kH/s
Run 178/1000 @ 2026-01-12T12:58:19+01:00 ...
  Parsed: 1255.4 kH/s
Run 179/1000 @ 2026-01-12T12:58:23+01:00 ...
  Parsed: 1315.8 kH/s
Run 180/1000 @ 2026-01-12T12:58:27+01:00 ...
  Parsed: 1315.9 kH/s
Run 181/1000 @ 2026-01-12T12:58:31+01:00 ...
  Parsed: 1315.8 kH/s
Run 182/1000 @ 2026-01-12T12:58:35+01:00 ...
  Parsed: 1316.6 kH/s
Run 183/1000 @ 2026-01-12T12:58:40+01:00 ...
  Parsed: 1317.9 kH/s
Run 184/1000 @ 2026-01-12T12:58:44+01:00 ...
  Parsed: 1316.4 kH/s
Run 185/1000 @ 2026-01-12T12:58:48+01:00 ...
  Parsed: 1311.0 kH/s
Run 186/1000 @ 2026-01-12T12:58:52+01:00 ...
  Parsed: 1314.0 kH/s
Run 187/1000 @ 2026-01-12T12:58:57+01:00 ...
  Parsed: 1314.9 kH/s
Run 188/1000 @ 2026-01-12T12:59:01+01:00 ...
  Parsed: 1314.6 kH/s
Run 189/1000 @ 2026-01-12T12:59:05+01:00 ...
  Parsed: 1314.0 kH/s
Run 190/1000 @ 2026-01-12T12:59:09+01:00 ...
  Parsed: 1314.2 kH/s
Run 191/1000 @ 2026-01-12T12:59:14+01:00 ...
  Parsed: 1314.6 kH/s
Run 192/1000 @ 2026-01-12T12:59:18+01:00 ...
  Parsed: 1315.2 kH/s
Run 193/1000 @ 2026-01-12T12:59:22+01:00 ...
  Parsed: 1317.1 kH/s
Run 194/1000 @ 2026-01-12T12:59:26+01:00 ...
  Parsed: 1316.8 kH/s
Run 195/1000 @ 2026-01-12T12:59:31+01:00 ...
  Parsed: 1315.2 kH/s
Run 196/1000 @ 2026-01-12T12:59:35+01:00 ...
  Parsed: 1284.9 kH/s
Run 197/1000 @ 2026-01-12T12:59:39+01:00 ...
  Parsed: 1314.4 kH/s
Run 198/1000 @ 2026-01-12T12:59:43+01:00 ...
  Parsed: 1314.9 kH/s
Run 199/1000 @ 2026-01-12T12:59:47+01:00 ...
  Parsed: 1319.3 kH/s
Run 200/1000 @ 2026-01-12T12:59:51+01:00 ...
  Parsed: 1317.4 kH/s
Run 201/1000 @ 2026-01-12T12:59:56+01:00 ...
  Parsed: 1316.5 kH/s
Run 202/1000 @ 2026-01-12T13:00:00+01:00 ...
  Parsed: 1315.6 kH/s
Run 203/1000 @ 2026-01-12T13:00:04+01:00 ...
  Parsed: 1313.1 kH/s
Run 204/1000 @ 2026-01-12T13:00:08+01:00 ...
  Parsed: 1315.0 kH/s
Run 205/1000 @ 2026-01-12T13:00:13+01:00 ...
  Parsed: 1314.2 kH/s
Run 206/1000 @ 2026-01-12T13:00:17+01:00 ...
  Parsed: 1315.1 kH/s
Run 207/1000 @ 2026-01-12T13:00:21+01:00 ...
  Parsed: 1313.7 kH/s
Run 208/1000 @ 2026-01-12T13:00:25+01:00 ...
  Parsed: 1315.1 kH/s
Run 209/1000 @ 2026-01-12T13:00:30+01:00 ...
  Parsed: 1314.9 kH/s
Run 210/1000 @ 2026-01-12T13:00:34+01:00 ...
  Parsed: 1315.8 kH/s
Run 211/1000 @ 2026-01-12T13:00:38+01:00 ...
  Parsed: 1312.0 kH/s
Run 212/1000 @ 2026-01-12T13:00:42+01:00 ...
  Parsed: 1317.0 kH/s
Run 213/1000 @ 2026-01-12T13:00:47+01:00 ...
  Parsed: 1255.9 kH/s
Run 214/1000 @ 2026-01-12T13:00:50+01:00 ...
  Parsed: 1289.4 kH/s
Run 215/1000 @ 2026-01-12T13:00:54+01:00 ...
  Parsed: 1292.6 kH/s
Run 216/1000 @ 2026-01-12T13:00:58+01:00 ...
  Parsed: 1314.5 kH/s
Run 217/1000 @ 2026-01-12T13:01:02+01:00 ...
  Parsed: 1317.8 kH/s
Run 218/1000 @ 2026-01-12T13:01:06+01:00 ...
  Parsed: 1295.1 kH/s
Run 219/1000 @ 2026-01-12T13:01:10+01:00 ...
  Parsed: 1288.4 kH/s
Run 220/1000 @ 2026-01-12T13:01:14+01:00 ...
  Parsed: 1313.0 kH/s
Run 221/1000 @ 2026-01-12T13:01:18+01:00 ...
  Parsed: 1317.0 kH/s
Run 222/1000 @ 2026-01-12T13:01:22+01:00 ...
  Parsed: 1317.2 kH/s
Run 223/1000 @ 2026-01-12T13:01:26+01:00 ...
  Parsed: 1289.2 kH/s
Run 224/1000 @ 2026-01-12T13:01:30+01:00 ...
  Parsed: 1313.4 kH/s
Run 225/1000 @ 2026-01-12T13:01:34+01:00 ...
  Parsed: 1291.1 kH/s
Run 226/1000 @ 2026-01-12T13:01:38+01:00 ...
  Parsed: 1315.7 kH/s
Run 227/1000 @ 2026-01-12T13:01:42+01:00 ...
  Parsed: 1314.8 kH/s
Run 228/1000 @ 2026-01-12T13:01:47+01:00 ...
  Parsed: 1285.9 kH/s
Run 229/1000 @ 2026-01-12T13:01:50+01:00 ...
  Parsed: 1292.5 kH/s
Run 230/1000 @ 2026-01-12T13:01:54+01:00 ...
  Parsed: 1285.6 kH/s
Run 231/1000 @ 2026-01-12T13:01:58+01:00 ...
  Parsed: 1287.5 kH/s
Run 232/1000 @ 2026-01-12T13:02:01+01:00 ...
  Parsed: 1292.2 kH/s
Run 233/1000 @ 2026-01-12T13:02:05+01:00 ...
  Parsed: 1318.0 kH/s
Run 234/1000 @ 2026-01-12T13:02:09+01:00 ...
  Parsed: 1315.8 kH/s
Run 235/1000 @ 2026-01-12T13:02:14+01:00 ...
  Parsed: 1298.0 kH/s
Run 236/1000 @ 2026-01-12T13:02:17+01:00 ...
  Parsed: 1254.8 kH/s
Run 237/1000 @ 2026-01-12T13:02:21+01:00 ...
  Parsed: 1315.6 kH/s
Run 238/1000 @ 2026-01-12T13:02:25+01:00 ...
  Parsed: 1316.0 kH/s
Run 239/1000 @ 2026-01-12T13:02:29+01:00 ...
  Parsed: 1316.2 kH/s
Run 240/1000 @ 2026-01-12T13:02:34+01:00 ...
  Parsed: 1321.4 kH/s
Run 241/1000 @ 2026-01-12T13:02:38+01:00 ...
  Parsed: 1283.3 kH/s
Run 242/1000 @ 2026-01-12T13:02:42+01:00 ...
  Parsed: 1319.8 kH/s
Run 243/1000 @ 2026-01-12T13:02:46+01:00 ...
  Parsed: 1316.0 kH/s
Run 244/1000 @ 2026-01-12T13:02:50+01:00 ...
  Parsed: 1314.0 kH/s
Run 245/1000 @ 2026-01-12T13:02:55+01:00 ...
  Parsed: 1313.9 kH/s
Run 246/1000 @ 2026-01-12T13:02:59+01:00 ...
  Parsed: 1314.6 kH/s
Run 247/1000 @ 2026-01-12T13:03:03+01:00 ...
  Parsed: 1313.7 kH/s
Run 248/1000 @ 2026-01-12T13:03:07+01:00 ...
  Parsed: 1313.3 kH/s
Run 249/1000 @ 2026-01-12T13:03:12+01:00 ...
  Parsed: 1314.4 kH/s
Run 250/1000 @ 2026-01-12T13:03:16+01:00 ...
  Parsed: 1311.9 kH/s
Run 251/1000 @ 2026-01-12T13:03:20+01:00 ...
  Parsed: 1313.9 kH/s
Run 252/1000 @ 2026-01-12T13:03:24+01:00 ...
  Parsed: 1316.9 kH/s
Run 253/1000 @ 2026-01-12T13:03:29+01:00 ...
  Parsed: 1316.3 kH/s
Run 254/1000 @ 2026-01-12T13:03:33+01:00 ...
  Parsed: 1315.3 kH/s
Run 255/1000 @ 2026-01-12T13:03:37+01:00 ...
  Parsed: 1310.8 kH/s
Run 256/1000 @ 2026-01-12T13:03:41+01:00 ...
  Parsed: 1317.7 kH/s
Run 257/1000 @ 2026-01-12T13:03:46+01:00 ...
  Parsed: 1314.0 kH/s
Run 258/1000 @ 2026-01-12T13:03:50+01:00 ...
  Parsed: 1313.3 kH/s
Run 259/1000 @ 2026-01-12T13:03:54+01:00 ...
  Parsed: 1316.7 kH/s
Run 260/1000 @ 2026-01-12T13:03:58+01:00 ...
  Parsed: 1316.1 kH/s
Run 261/1000 @ 2026-01-12T13:04:03+01:00 ...
  Parsed: 1316.4 kH/s
Run 262/1000 @ 2026-01-12T13:04:07+01:00 ...
  Parsed: 1315.9 kH/s
Run 263/1000 @ 2026-01-12T13:04:11+01:00 ...
  Parsed: 1313.5 kH/s
Run 264/1000 @ 2026-01-12T13:04:15+01:00 ...
  Parsed: 1314.5 kH/s
Run 265/1000 @ 2026-01-12T13:04:20+01:00 ...
  Parsed: 1314.2 kH/s
Run 266/1000 @ 2026-01-12T13:04:24+01:00 ...
  Parsed: 1315.0 kH/s
Run 267/1000 @ 2026-01-12T13:04:28+01:00 ...
  Parsed: 1315.0 kH/s
Run 268/1000 @ 2026-01-12T13:04:32+01:00 ...
  Parsed: 1314.0 kH/s
Run 269/1000 @ 2026-01-12T13:04:37+01:00 ...
  Parsed: 1311.7 kH/s
Run 270/1000 @ 2026-01-12T13:04:41+01:00 ...
  Parsed: 1311.6 kH/s
Run 271/1000 @ 2026-01-12T13:04:45+01:00 ...
  Parsed: 1313.8 kH/s
Run 272/1000 @ 2026-01-12T13:04:49+01:00 ...
  Parsed: 1313.9 kH/s
Run 273/1000 @ 2026-01-12T13:04:54+01:00 ...
  Parsed: 1316.0 kH/s
Run 274/1000 @ 2026-01-12T13:04:58+01:00 ...
  Parsed: 1314.0 kH/s
Run 275/1000 @ 2026-01-12T13:05:02+01:00 ...
  Parsed: 1315.4 kH/s
Run 276/1000 @ 2026-01-12T13:05:06+01:00 ...
  Parsed: 1314.6 kH/s
Run 277/1000 @ 2026-01-12T13:05:11+01:00 ...
  Parsed: 1316.3 kH/s
Run 278/1000 @ 2026-01-12T13:05:15+01:00 ...
  Parsed: 1313.4 kH/s
Run 279/1000 @ 2026-01-12T13:05:19+01:00 ...
  Parsed: 1314.0 kH/s
Run 280/1000 @ 2026-01-12T13:05:23+01:00 ...
  Parsed: 1316.7 kH/s
Run 281/1000 @ 2026-01-12T13:05:27+01:00 ...
  Parsed: 1313.4 kH/s
Run 282/1000 @ 2026-01-12T13:05:32+01:00 ...
  Parsed: 1314.2 kH/s
Run 283/1000 @ 2026-01-12T13:05:36+01:00 ...
  Parsed: 1313.5 kH/s
Run 284/1000 @ 2026-01-12T13:05:40+01:00 ...
  Parsed: 1316.3 kH/s
Run 285/1000 @ 2026-01-12T13:05:44+01:00 ...
  Parsed: 1314.7 kH/s
Run 286/1000 @ 2026-01-12T13:05:49+01:00 ...
  Parsed: 1316.7 kH/s
Run 287/1000 @ 2026-01-12T13:05:53+01:00 ...
  Parsed: 1313.5 kH/s
Run 288/1000 @ 2026-01-12T13:05:57+01:00 ...
  Parsed: 1314.7 kH/s
Run 289/1000 @ 2026-01-12T13:06:02+01:00 ...
  Parsed: 1316.8 kH/s
Run 290/1000 @ 2026-01-12T13:06:06+01:00 ...
  Parsed: 1316.7 kH/s
Run 291/1000 @ 2026-01-12T13:06:10+01:00 ...
  Parsed: 1315.8 kH/s
Run 292/1000 @ 2026-01-12T13:06:14+01:00 ...
  Parsed: 1315.3 kH/s
Run 293/1000 @ 2026-01-12T13:06:19+01:00 ...
  Parsed: 1316.8 kH/s
Run 294/1000 @ 2026-01-12T13:06:23+01:00 ...
  Parsed: 1314.5 kH/s
Run 295/1000 @ 2026-01-12T13:06:27+01:00 ...
  Parsed: 1313.9 kH/s
Run 296/1000 @ 2026-01-12T13:06:31+01:00 ...
  Parsed: 1316.0 kH/s
Run 297/1000 @ 2026-01-12T13:06:35+01:00 ...
  Parsed: 1313.3 kH/s
Run 298/1000 @ 2026-01-12T13:06:40+01:00 ...
  Parsed: 1315.5 kH/s
Run 299/1000 @ 2026-01-12T13:06:44+01:00 ...
  Parsed: 1315.2 kH/s
Run 300/1000 @ 2026-01-12T13:06:48+01:00 ...
  Parsed: 1315.1 kH/s
Run 301/1000 @ 2026-01-12T13:06:52+01:00 ...
  Parsed: 1319.4 kH/s
Run 302/1000 @ 2026-01-12T13:06:57+01:00 ...
  Parsed: 1315.6 kH/s
Run 303/1000 @ 2026-01-12T13:07:01+01:00 ...
  Parsed: 1294.2 kH/s
Run 304/1000 @ 2026-01-12T13:07:05+01:00 ...
  Parsed: 1289.3 kH/s
Run 305/1000 @ 2026-01-12T13:07:08+01:00 ...
  Parsed: 1257.4 kH/s
Run 306/1000 @ 2026-01-12T13:07:12+01:00 ...
  Parsed: 1290.2 kH/s
Run 307/1000 @ 2026-01-12T13:07:16+01:00 ...
  Parsed: 1294.6 kH/s
Run 308/1000 @ 2026-01-12T13:07:20+01:00 ...
  Parsed: 1293.6 kH/s
Run 309/1000 @ 2026-01-12T13:07:23+01:00 ...
  Parsed: 1314.9 kH/s
Run 310/1000 @ 2026-01-12T13:07:28+01:00 ...
  Parsed: 1315.7 kH/s
Run 311/1000 @ 2026-01-12T13:07:32+01:00 ...
  Parsed: 1316.3 kH/s
Run 312/1000 @ 2026-01-12T13:07:36+01:00 ...
  Parsed: 1319.7 kH/s
Run 313/1000 @ 2026-01-12T13:07:40+01:00 ...
  Parsed: 1315.6 kH/s
Run 314/1000 @ 2026-01-12T13:07:44+01:00 ...
  Parsed: 1317.2 kH/s
Run 315/1000 @ 2026-01-12T13:07:49+01:00 ...
  Parsed: 1315.6 kH/s
Run 316/1000 @ 2026-01-12T13:07:53+01:00 ...
  Parsed: 1314.4 kH/s
Run 317/1000 @ 2026-01-12T13:07:57+01:00 ...
  Parsed: 1315.0 kH/s
Run 318/1000 @ 2026-01-12T13:08:01+01:00 ...
  Parsed: 1314.4 kH/s
Run 319/1000 @ 2026-01-12T13:08:06+01:00 ...
  Parsed: 1315.3 kH/s
Run 320/1000 @ 2026-01-12T13:08:10+01:00 ...
  Parsed: 1314.5 kH/s
Run 321/1000 @ 2026-01-12T13:08:14+01:00 ...
  Parsed: 1317.9 kH/s
Run 322/1000 @ 2026-01-12T13:08:18+01:00 ...
  Parsed: 1318.3 kH/s
Run 323/1000 @ 2026-01-12T13:08:23+01:00 ...
  Parsed: 1315.0 kH/s
Run 324/1000 @ 2026-01-12T13:08:27+01:00 ...
  Parsed: 1315.5 kH/s
Run 325/1000 @ 2026-01-12T13:08:31+01:00 ...
  Parsed: 1313.1 kH/s
Run 326/1000 @ 2026-01-12T13:08:35+01:00 ...
  Parsed: 1313.9 kH/s
Run 327/1000 @ 2026-01-12T13:08:40+01:00 ...
  Parsed: 1252.6 kH/s
Run 328/1000 @ 2026-01-12T13:08:43+01:00 ...
  Parsed: 1314.2 kH/s
Run 329/1000 @ 2026-01-12T13:08:48+01:00 ...
  Parsed: 1293.2 kH/s
Run 330/1000 @ 2026-01-12T13:08:51+01:00 ...
  Parsed: 1314.8 kH/s
Run 331/1000 @ 2026-01-12T13:08:55+01:00 ...
  Parsed: 1317.0 kH/s
Run 332/1000 @ 2026-01-12T13:09:00+01:00 ...
  Parsed: 1311.5 kH/s
Run 333/1000 @ 2026-01-12T13:09:04+01:00 ...
  Parsed: 1318.0 kH/s
Run 334/1000 @ 2026-01-12T13:09:08+01:00 ...
  Parsed: 1248.7 kH/s
Run 335/1000 @ 2026-01-12T13:09:12+01:00 ...
  Parsed: 1315.7 kH/s
Run 336/1000 @ 2026-01-12T13:09:16+01:00 ...
  Parsed: 1320.3 kH/s
Run 337/1000 @ 2026-01-12T13:09:20+01:00 ...
  Parsed: 1315.7 kH/s
Run 338/1000 @ 2026-01-12T13:09:25+01:00 ...
  Parsed: 1292.8 kH/s
Run 339/1000 @ 2026-01-12T13:09:28+01:00 ...
  Parsed: 1253.9 kH/s
Run 340/1000 @ 2026-01-12T13:09:32+01:00 ...
  Parsed: 1313.2 kH/s
Run 341/1000 @ 2026-01-12T13:09:36+01:00 ...
  Parsed: 1255.2 kH/s
Run 342/1000 @ 2026-01-12T13:09:40+01:00 ...
  Parsed: 1314.7 kH/s
Run 343/1000 @ 2026-01-12T13:09:44+01:00 ...
  Parsed: 1309.0 kH/s
Run 344/1000 @ 2026-01-12T13:09:48+01:00 ...
  Parsed: 1253.3 kH/s
Run 345/1000 @ 2026-01-12T13:09:52+01:00 ...
  Parsed: 1315.7 kH/s
Run 346/1000 @ 2026-01-12T13:09:56+01:00 ...
  Parsed: 1256.7 kH/s
Run 347/1000 @ 2026-01-12T13:09:59+01:00 ...
  Parsed: 1318.4 kH/s
Run 348/1000 @ 2026-01-12T13:10:04+01:00 ...
  Parsed: 1315.1 kH/s
Run 349/1000 @ 2026-01-12T13:10:08+01:00 ...
  Parsed: 1314.0 kH/s
Run 350/1000 @ 2026-01-12T13:10:12+01:00 ...
  Parsed: 1314.9 kH/s
Run 351/1000 @ 2026-01-12T13:10:16+01:00 ...
  Parsed: 1314.5 kH/s
Run 352/1000 @ 2026-01-12T13:10:21+01:00 ...
  Parsed: 1316.3 kH/s
Run 353/1000 @ 2026-01-12T13:10:25+01:00 ...
  Parsed: 1253.8 kH/s
Run 354/1000 @ 2026-01-12T13:10:29+01:00 ...
  Parsed: 1316.0 kH/s
Run 355/1000 @ 2026-01-12T13:10:33+01:00 ...
  Parsed: 1315.1 kH/s
Run 356/1000 @ 2026-01-12T13:10:37+01:00 ...
  Parsed: 1315.9 kH/s
Run 357/1000 @ 2026-01-12T13:10:41+01:00 ...
  Parsed: 1316.1 kH/s
Run 358/1000 @ 2026-01-12T13:10:46+01:00 ...
  Parsed: 1314.5 kH/s
Run 359/1000 @ 2026-01-12T13:10:50+01:00 ...
  Parsed: 1316.5 kH/s
Run 360/1000 @ 2026-01-12T13:10:54+01:00 ...
  Parsed: 1251.4 kH/s
Run 361/1000 @ 2026-01-12T13:10:58+01:00 ...
  Parsed: 1315.1 kH/s
Run 362/1000 @ 2026-01-12T13:11:02+01:00 ...
  Parsed: 1315.4 kH/s
Run 363/1000 @ 2026-01-12T13:11:06+01:00 ...
  Parsed: 1317.5 kH/s
Run 364/1000 @ 2026-01-12T13:11:11+01:00 ...
  Parsed: 1311.8 kH/s
Run 365/1000 @ 2026-01-12T13:11:15+01:00 ...
  Parsed: 1315.0 kH/s
Run 366/1000 @ 2026-01-12T13:11:19+01:00 ...
  Parsed: 1320.6 kH/s
Run 367/1000 @ 2026-01-12T13:11:23+01:00 ...
  Parsed: 1320.3 kH/s
Run 368/1000 @ 2026-01-12T13:11:27+01:00 ...
  Parsed: 1317.6 kH/s
Run 369/1000 @ 2026-01-12T13:11:32+01:00 ...
  Parsed: 1316.6 kH/s
Run 370/1000 @ 2026-01-12T13:11:36+01:00 ...
  Parsed: 1314.0 kH/s
Run 371/1000 @ 2026-01-12T13:11:40+01:00 ...
  Parsed: 1320.1 kH/s
Run 372/1000 @ 2026-01-12T13:11:44+01:00 ...
  Parsed: 1316.2 kH/s
Run 373/1000 @ 2026-01-12T13:11:49+01:00 ...
  Parsed: 1316.2 kH/s
Run 374/1000 @ 2026-01-12T13:11:53+01:00 ...
  Parsed: 1317.0 kH/s
Run 375/1000 @ 2026-01-12T13:11:57+01:00 ...
  Parsed: 1312.1 kH/s
Run 376/1000 @ 2026-01-12T13:12:01+01:00 ...
  Parsed: 1313.4 kH/s
Run 377/1000 @ 2026-01-12T13:12:06+01:00 ...
  Parsed: 1316.1 kH/s
Run 378/1000 @ 2026-01-12T13:12:10+01:00 ...
  Parsed: 1312.7 kH/s
Run 379/1000 @ 2026-01-12T13:12:14+01:00 ...
  Parsed: 1316.0 kH/s
Run 380/1000 @ 2026-01-12T13:12:18+01:00 ...
  Parsed: 1314.1 kH/s
Run 381/1000 @ 2026-01-12T13:12:23+01:00 ...
  Parsed: 1315.1 kH/s
Run 382/1000 @ 2026-01-12T13:12:27+01:00 ...
  Parsed: 1315.3 kH/s
Run 383/1000 @ 2026-01-12T13:12:31+01:00 ...
  Parsed: 1314.0 kH/s
Run 384/1000 @ 2026-01-12T13:12:35+01:00 ...
  Parsed: 1316.5 kH/s
Run 385/1000 @ 2026-01-12T13:12:40+01:00 ...
  Parsed: 1312.7 kH/s
Run 386/1000 @ 2026-01-12T13:12:44+01:00 ...
  Parsed: 1316.0 kH/s
Run 387/1000 @ 2026-01-12T13:12:48+01:00 ...
  Parsed: 1313.9 kH/s
Run 388/1000 @ 2026-01-12T13:12:52+01:00 ...
  Parsed: 1315.3 kH/s
Run 389/1000 @ 2026-01-12T13:12:57+01:00 ...
  Parsed: 1315.3 kH/s
Run 390/1000 @ 2026-01-12T13:13:01+01:00 ...
  Parsed: 1315.4 kH/s
Run 391/1000 @ 2026-01-12T13:13:05+01:00 ...
  Parsed: 1314.9 kH/s
Run 392/1000 @ 2026-01-12T13:13:09+01:00 ...
  Parsed: 1314.4 kH/s
Run 393/1000 @ 2026-01-12T13:13:14+01:00 ...
  Parsed: 1310.6 kH/s
Run 394/1000 @ 2026-01-12T13:13:18+01:00 ...
  Parsed: 1316.0 kH/s
Run 395/1000 @ 2026-01-12T13:13:22+01:00 ...
  Parsed: 1315.1 kH/s
Run 396/1000 @ 2026-01-12T13:13:26+01:00 ...
  Parsed: 1318.0 kH/s
Run 397/1000 @ 2026-01-12T13:13:31+01:00 ...
  Parsed: 1314.3 kH/s
Run 398/1000 @ 2026-01-12T13:13:35+01:00 ...
  Parsed: 1314.2 kH/s
Run 399/1000 @ 2026-01-12T13:13:39+01:00 ...
  Parsed: 1312.6 kH/s
Run 400/1000 @ 2026-01-12T13:13:43+01:00 ...
  Parsed: 1317.5 kH/s
Run 401/1000 @ 2026-01-12T13:13:48+01:00 ...
  Parsed: 1316.6 kH/s
Run 402/1000 @ 2026-01-12T13:13:52+01:00 ...
  Parsed: 1318.7 kH/s
Run 403/1000 @ 2026-01-12T13:13:56+01:00 ...
  Parsed: 1315.0 kH/s
Run 404/1000 @ 2026-01-12T13:14:00+01:00 ...
  Parsed: 1319.1 kH/s
Run 405/1000 @ 2026-01-12T13:14:05+01:00 ...
  Parsed: 1317.6 kH/s
Run 406/1000 @ 2026-01-12T13:14:09+01:00 ...
  Parsed: 1316.2 kH/s
Run 407/1000 @ 2026-01-12T13:14:13+01:00 ...
  Parsed: 1318.9 kH/s
Run 408/1000 @ 2026-01-12T13:14:17+01:00 ...
  Parsed: 1319.8 kH/s
Run 409/1000 @ 2026-01-12T13:14:22+01:00 ...
  Parsed: 1315.8 kH/s
Run 410/1000 @ 2026-01-12T13:14:26+01:00 ...
  Parsed: 1310.8 kH/s
Run 411/1000 @ 2026-01-12T13:14:30+01:00 ...
  Parsed: 1293.5 kH/s
Run 412/1000 @ 2026-01-12T13:14:34+01:00 ...
  Parsed: 1313.7 kH/s
Run 413/1000 @ 2026-01-12T13:14:38+01:00 ...
  Parsed: 1315.9 kH/s
Run 414/1000 @ 2026-01-12T13:14:42+01:00 ...
  Parsed: 1315.9 kH/s
Run 415/1000 @ 2026-01-12T13:14:47+01:00 ...
  Parsed: 1316.2 kH/s
Run 416/1000 @ 2026-01-12T13:14:51+01:00 ...
  Parsed: 1294.7 kH/s
Run 417/1000 @ 2026-01-12T13:14:55+01:00 ...
  Parsed: 1321.5 kH/s
Run 418/1000 @ 2026-01-12T13:14:59+01:00 ...
  Parsed: 1315.9 kH/s
Run 419/1000 @ 2026-01-12T13:15:03+01:00 ...
  Parsed: 1318.8 kH/s
Run 420/1000 @ 2026-01-12T13:15:07+01:00 ...
  Parsed: 1295.7 kH/s
Run 421/1000 @ 2026-01-12T13:15:11+01:00 ...
  Parsed: 1319.4 kH/s
Run 422/1000 @ 2026-01-12T13:15:15+01:00 ...
  Parsed: 1317.2 kH/s
Run 423/1000 @ 2026-01-12T13:15:20+01:00 ...
  Parsed: 1314.1 kH/s
Run 424/1000 @ 2026-01-12T13:15:24+01:00 ...
  Parsed: 1315.9 kH/s
Run 425/1000 @ 2026-01-12T13:15:28+01:00 ...
  Parsed: 1315.1 kH/s
Run 426/1000 @ 2026-01-12T13:15:32+01:00 ...
  Parsed: 1316.9 kH/s
Run 427/1000 @ 2026-01-12T13:15:37+01:00 ...
  Parsed: 1256.9 kH/s
Run 428/1000 @ 2026-01-12T13:15:40+01:00 ...
  Parsed: 1314.7 kH/s
Run 429/1000 @ 2026-01-12T13:15:44+01:00 ...
  Parsed: 1315.2 kH/s
Run 430/1000 @ 2026-01-12T13:15:49+01:00 ...
  Parsed: 1284.0 kH/s
Run 431/1000 @ 2026-01-12T13:15:52+01:00 ...
  Parsed: 1315.6 kH/s
Run 432/1000 @ 2026-01-12T13:15:57+01:00 ...
  Parsed: 1315.4 kH/s
Run 433/1000 @ 2026-01-12T13:16:01+01:00 ...
  Parsed: 1319.9 kH/s
Run 434/1000 @ 2026-01-12T13:16:05+01:00 ...
  Parsed: 1295.5 kH/s
Run 435/1000 @ 2026-01-12T13:16:09+01:00 ...
  Parsed: 1291.4 kH/s
Run 436/1000 @ 2026-01-12T13:16:13+01:00 ...
  Parsed: 1314.6 kH/s
Run 437/1000 @ 2026-01-12T13:16:17+01:00 ...
  Parsed: 1314.6 kH/s
Run 438/1000 @ 2026-01-12T13:16:21+01:00 ...
  Parsed: 1314.9 kH/s
Run 439/1000 @ 2026-01-12T13:16:25+01:00 ...
  Parsed: 1317.9 kH/s
Run 440/1000 @ 2026-01-12T13:16:30+01:00 ...
  Parsed: 1313.7 kH/s
Run 441/1000 @ 2026-01-12T13:16:34+01:00 ...
  Parsed: 1292.2 kH/s
Run 442/1000 @ 2026-01-12T13:16:38+01:00 ...
  Parsed: 1315.1 kH/s
Run 443/1000 @ 2026-01-12T13:16:42+01:00 ...
  Parsed: 1291.0 kH/s
Run 444/1000 @ 2026-01-12T13:16:46+01:00 ...
  Parsed: 1290.2 kH/s
Run 445/1000 @ 2026-01-12T13:16:49+01:00 ...
  Parsed: 1314.6 kH/s
Run 446/1000 @ 2026-01-12T13:16:54+01:00 ...
  Parsed: 1314.6 kH/s
Run 447/1000 @ 2026-01-12T13:16:58+01:00 ...
  Parsed: 1314.1 kH/s
Run 448/1000 @ 2026-01-12T13:17:02+01:00 ...
  Parsed: 1289.1 kH/s
Run 449/1000 @ 2026-01-12T13:17:06+01:00 ...
  Parsed: 1285.5 kH/s
Run 450/1000 @ 2026-01-12T13:17:10+01:00 ...
  Parsed: 1321.0 kH/s
Run 451/1000 @ 2026-01-12T13:17:14+01:00 ...
  Parsed: 1317.1 kH/s
Run 452/1000 @ 2026-01-12T13:17:18+01:00 ...
  Parsed: 1318.0 kH/s
Run 453/1000 @ 2026-01-12T13:17:22+01:00 ...
  Parsed: 1287.0 kH/s
Run 454/1000 @ 2026-01-12T13:17:26+01:00 ...
  Parsed: 1314.8 kH/s
Run 455/1000 @ 2026-01-12T13:17:30+01:00 ...
  Parsed: 1315.1 kH/s
Run 456/1000 @ 2026-01-12T13:17:34+01:00 ...
  Parsed: 1316.6 kH/s
Run 457/1000 @ 2026-01-12T13:17:39+01:00 ...
  Parsed: 1288.3 kH/s
Run 458/1000 @ 2026-01-12T13:17:42+01:00 ...
  Parsed: 1314.8 kH/s
Run 459/1000 @ 2026-01-12T13:17:47+01:00 ...
  Parsed: 1319.7 kH/s
Run 460/1000 @ 2026-01-12T13:17:51+01:00 ...
  Parsed: 1315.8 kH/s
Run 461/1000 @ 2026-01-12T13:17:55+01:00 ...
  Parsed: 1316.6 kH/s
Run 462/1000 @ 2026-01-12T13:17:59+01:00 ...
  Parsed: 1314.8 kH/s
Run 463/1000 @ 2026-01-12T13:18:04+01:00 ...
  Parsed: 1316.6 kH/s
Run 464/1000 @ 2026-01-12T13:18:08+01:00 ...
  Parsed: 1315.1 kH/s
Run 465/1000 @ 2026-01-12T13:18:12+01:00 ...
  Parsed: 1315.2 kH/s
Run 466/1000 @ 2026-01-12T13:18:16+01:00 ...
  Parsed: 1316.4 kH/s
Run 467/1000 @ 2026-01-12T13:18:21+01:00 ...
  Parsed: 1315.3 kH/s
Run 468/1000 @ 2026-01-12T13:18:25+01:00 ...
  Parsed: 1313.4 kH/s
Run 469/1000 @ 2026-01-12T13:18:29+01:00 ...
  Parsed: 1312.2 kH/s
Run 470/1000 @ 2026-01-12T13:18:33+01:00 ...
  Parsed: 1313.4 kH/s
Run 471/1000 @ 2026-01-12T13:18:38+01:00 ...
  Parsed: 1313.4 kH/s
Run 472/1000 @ 2026-01-12T13:18:42+01:00 ...
  Parsed: 1319.5 kH/s
Run 473/1000 @ 2026-01-12T13:18:46+01:00 ...
  Parsed: 1312.8 kH/s
Run 474/1000 @ 2026-01-12T13:18:50+01:00 ...
  Parsed: 1313.5 kH/s
Run 475/1000 @ 2026-01-12T13:18:55+01:00 ...
  Parsed: 1310.3 kH/s
Run 476/1000 @ 2026-01-12T13:18:59+01:00 ...
  Parsed: 1313.5 kH/s
Run 477/1000 @ 2026-01-12T13:19:03+01:00 ...
  Parsed: 1314.9 kH/s
Run 478/1000 @ 2026-01-12T13:19:07+01:00 ...
  Parsed: 1312.6 kH/s
Run 479/1000 @ 2026-01-12T13:19:11+01:00 ...
  Parsed: 1313.4 kH/s
Run 480/1000 @ 2026-01-12T13:19:16+01:00 ...
  Parsed: 1314.8 kH/s
Run 481/1000 @ 2026-01-12T13:19:20+01:00 ...
  Parsed: 1314.2 kH/s
Run 482/1000 @ 2026-01-12T13:19:24+01:00 ...
  Parsed: 1317.2 kH/s
Run 483/1000 @ 2026-01-12T13:19:28+01:00 ...
  Parsed: 1315.1 kH/s
Run 484/1000 @ 2026-01-12T13:19:33+01:00 ...
  Parsed: 1312.0 kH/s
Run 485/1000 @ 2026-01-12T13:19:37+01:00 ...
  Parsed: 1315.4 kH/s
Run 486/1000 @ 2026-01-12T13:19:41+01:00 ...
  Parsed: 1312.9 kH/s
Run 487/1000 @ 2026-01-12T13:19:45+01:00 ...
  Parsed: 1315.7 kH/s
Run 488/1000 @ 2026-01-12T13:19:50+01:00 ...
  Parsed: 1310.8 kH/s
Run 489/1000 @ 2026-01-12T13:19:54+01:00 ...
  Parsed: 1310.8 kH/s
Run 490/1000 @ 2026-01-12T13:19:58+01:00 ...
  Parsed: 1308.7 kH/s
Run 491/1000 @ 2026-01-12T13:20:02+01:00 ...
  Parsed: 1316.0 kH/s
Run 492/1000 @ 2026-01-12T13:20:07+01:00 ...
  Parsed: 1314.1 kH/s
Run 493/1000 @ 2026-01-12T13:20:11+01:00 ...
  Parsed: 1315.4 kH/s
Run 494/1000 @ 2026-01-12T13:20:15+01:00 ...
  Parsed: 1315.2 kH/s
Run 495/1000 @ 2026-01-12T13:20:19+01:00 ...
  Parsed: 1313.6 kH/s
Run 496/1000 @ 2026-01-12T13:20:24+01:00 ...
  Parsed: 1317.7 kH/s
Run 497/1000 @ 2026-01-12T13:20:28+01:00 ...
  Parsed: 1314.1 kH/s
Run 498/1000 @ 2026-01-12T13:20:32+01:00 ...
  Parsed: 1316.3 kH/s
Run 499/1000 @ 2026-01-12T13:20:36+01:00 ...
  Parsed: 1318.1 kH/s
Run 500/1000 @ 2026-01-12T13:20:41+01:00 ...
  Parsed: 1316.8 kH/s
Run 501/1000 @ 2026-01-12T13:20:45+01:00 ...
  Parsed: 1314.4 kH/s
Run 502/1000 @ 2026-01-12T13:20:49+01:00 ...
  Parsed: 1313.2 kH/s
Run 503/1000 @ 2026-01-12T13:20:53+01:00 ...
  Parsed: 1315.7 kH/s
Run 504/1000 @ 2026-01-12T13:20:58+01:00 ...
  Parsed: 1314.4 kH/s
Run 505/1000 @ 2026-01-12T13:21:02+01:00 ...
  Parsed: 1312.0 kH/s
Run 506/1000 @ 2026-01-12T13:21:06+01:00 ...
  Parsed: 1312.8 kH/s
Run 507/1000 @ 2026-01-12T13:21:10+01:00 ...
  Parsed: 1314.6 kH/s
Run 508/1000 @ 2026-01-12T13:21:15+01:00 ...
  Parsed: 1315.2 kH/s
Run 509/1000 @ 2026-01-12T13:21:19+01:00 ...
  Parsed: 1314.7 kH/s
Run 510/1000 @ 2026-01-12T13:21:23+01:00 ...
  Parsed: 1319.1 kH/s
Run 511/1000 @ 2026-01-12T13:21:27+01:00 ...
  Parsed: 1315.3 kH/s
Run 512/1000 @ 2026-01-12T13:21:32+01:00 ...
  Parsed: 1315.9 kH/s
Run 513/1000 @ 2026-01-12T13:21:36+01:00 ...
  Parsed: 1316.8 kH/s
Run 514/1000 @ 2026-01-12T13:21:40+01:00 ...
  Parsed: 1318.1 kH/s
Run 515/1000 @ 2026-01-12T13:21:44+01:00 ...
  Parsed: 1314.0 kH/s
Run 516/1000 @ 2026-01-12T13:21:49+01:00 ...
  Parsed: 1311.6 kH/s
Run 517/1000 @ 2026-01-12T13:21:53+01:00 ...
  Parsed: 1284.8 kH/s
Run 518/1000 @ 2026-01-12T13:21:57+01:00 ...
  Parsed: 1315.9 kH/s
Run 519/1000 @ 2026-01-12T13:22:01+01:00 ...
  Parsed: 1315.9 kH/s
Run 520/1000 @ 2026-01-12T13:22:05+01:00 ...
  Parsed: 1313.8 kH/s
Run 521/1000 @ 2026-01-12T13:22:09+01:00 ...
  Parsed: 1315.5 kH/s
Run 522/1000 @ 2026-01-12T13:22:14+01:00 ...
  Parsed: 1313.9 kH/s
Run 523/1000 @ 2026-01-12T13:22:18+01:00 ...
  Parsed: 1314.4 kH/s
Run 524/1000 @ 2026-01-12T13:22:22+01:00 ...
  Parsed: 1321.6 kH/s
Run 525/1000 @ 2026-01-12T13:22:26+01:00 ...
  Parsed: 1317.4 kH/s
Run 526/1000 @ 2026-01-12T13:22:31+01:00 ...
  Parsed: 1314.5 kH/s
Run 527/1000 @ 2026-01-12T13:22:35+01:00 ...
  Parsed: 1316.7 kH/s
Run 528/1000 @ 2026-01-12T13:22:39+01:00 ...
  Parsed: 1316.1 kH/s
Run 529/1000 @ 2026-01-12T13:22:43+01:00 ...
  Parsed: 1314.5 kH/s
Run 530/1000 @ 2026-01-12T13:22:48+01:00 ...
  Parsed: 1313.4 kH/s
Run 531/1000 @ 2026-01-12T13:22:52+01:00 ...
  Parsed: 1314.9 kH/s
Run 532/1000 @ 2026-01-12T13:22:56+01:00 ...
  Parsed: 1315.3 kH/s
Run 533/1000 @ 2026-01-12T13:23:00+01:00 ...
  Parsed: 1314.2 kH/s
Run 534/1000 @ 2026-01-12T13:23:05+01:00 ...
  Parsed: 1319.6 kH/s
Run 535/1000 @ 2026-01-12T13:23:09+01:00 ...
  Parsed: 1315.8 kH/s
Run 536/1000 @ 2026-01-12T13:23:13+01:00 ...
  Parsed: 1315.1 kH/s
Run 537/1000 @ 2026-01-12T13:23:17+01:00 ...
  Parsed: 1314.8 kH/s
Run 538/1000 @ 2026-01-12T13:23:22+01:00 ...
  Parsed: 1315.7 kH/s
Run 539/1000 @ 2026-01-12T13:23:26+01:00 ...
  Parsed: 1319.4 kH/s
Run 540/1000 @ 2026-01-12T13:23:30+01:00 ...
  Parsed: 1313.4 kH/s
Run 541/1000 @ 2026-01-12T13:23:34+01:00 ...
  Parsed: 1316.4 kH/s
Run 542/1000 @ 2026-01-12T13:23:39+01:00 ...
  Parsed: 1316.3 kH/s
Run 543/1000 @ 2026-01-12T13:23:43+01:00 ...
  Parsed: 1316.5 kH/s
Run 544/1000 @ 2026-01-12T13:23:47+01:00 ...
  Parsed: 1315.1 kH/s
Run 545/1000 @ 2026-01-12T13:23:51+01:00 ...
  Parsed: 1316.9 kH/s
Run 546/1000 @ 2026-01-12T13:23:56+01:00 ...
  Parsed: 1314.6 kH/s
Run 547/1000 @ 2026-01-12T13:24:00+01:00 ...
  Parsed: 1316.5 kH/s
Run 548/1000 @ 2026-01-12T13:24:04+01:00 ...
  Parsed: 1254.6 kH/s
Run 549/1000 @ 2026-01-12T13:24:08+01:00 ...
  Parsed: 1317.6 kH/s
Run 550/1000 @ 2026-01-12T13:24:12+01:00 ...
  Parsed: 1317.9 kH/s
Run 551/1000 @ 2026-01-12T13:24:16+01:00 ...
  Parsed: 1317.6 kH/s
Run 552/1000 @ 2026-01-12T13:24:21+01:00 ...
  Parsed: 1316.1 kH/s
Run 553/1000 @ 2026-01-12T13:24:25+01:00 ...
  Parsed: 1314.8 kH/s
Run 554/1000 @ 2026-01-12T13:24:29+01:00 ...
  Parsed: 1315.7 kH/s
Run 555/1000 @ 2026-01-12T13:24:33+01:00 ...
  Parsed: 1315.1 kH/s
Run 556/1000 @ 2026-01-12T13:24:38+01:00 ...
  Parsed: 1286.2 kH/s
Run 557/1000 @ 2026-01-12T13:24:41+01:00 ...
  Parsed: 1285.6 kH/s
Run 558/1000 @ 2026-01-12T13:24:45+01:00 ...
  Parsed: 1287.8 kH/s
Run 559/1000 @ 2026-01-12T13:24:49+01:00 ...
  Parsed: 1316.2 kH/s
Run 560/1000 @ 2026-01-12T13:24:53+01:00 ...
  Parsed: 1314.8 kH/s
Run 561/1000 @ 2026-01-12T13:24:57+01:00 ...
  Parsed: 1320.9 kH/s
Run 562/1000 @ 2026-01-12T13:25:01+01:00 ...
  Parsed: 1319.0 kH/s
Run 563/1000 @ 2026-01-12T13:25:06+01:00 ...
  Parsed: 1317.6 kH/s
Run 564/1000 @ 2026-01-12T13:25:10+01:00 ...
  Parsed: 1317.8 kH/s
Run 565/1000 @ 2026-01-12T13:25:14+01:00 ...
  Parsed: 1318.0 kH/s
Run 566/1000 @ 2026-01-12T13:25:18+01:00 ...
  Parsed: 1315.1 kH/s
Run 567/1000 @ 2026-01-12T13:25:23+01:00 ...
  Parsed: 1315.6 kH/s
Run 568/1000 @ 2026-01-12T13:25:27+01:00 ...
  Parsed: 1316.0 kH/s
Run 569/1000 @ 2026-01-12T13:25:31+01:00 ...
  Parsed: 1312.0 kH/s
Run 570/1000 @ 2026-01-12T13:25:35+01:00 ...
  Parsed: 1317.6 kH/s
Run 571/1000 @ 2026-01-12T13:25:40+01:00 ...
  Parsed: 1317.8 kH/s
Run 572/1000 @ 2026-01-12T13:25:44+01:00 ...
  Parsed: 1315.9 kH/s
Run 573/1000 @ 2026-01-12T13:25:48+01:00 ...
  Parsed: 1312.4 kH/s
Run 574/1000 @ 2026-01-12T13:25:52+01:00 ...
  Parsed: 1315.2 kH/s
Run 575/1000 @ 2026-01-12T13:25:57+01:00 ...
  Parsed: 1317.8 kH/s
Run 576/1000 @ 2026-01-12T13:26:01+01:00 ...
  Parsed: 1317.3 kH/s
Run 577/1000 @ 2026-01-12T13:26:05+01:00 ...
  Parsed: 1315.6 kH/s
Run 578/1000 @ 2026-01-12T13:26:09+01:00 ...
  Parsed: 1315.7 kH/s
Run 579/1000 @ 2026-01-12T13:26:14+01:00 ...
  Parsed: 1313.8 kH/s
Run 580/1000 @ 2026-01-12T13:26:18+01:00 ...
  Parsed: 1317.2 kH/s
Run 581/1000 @ 2026-01-12T13:26:22+01:00 ...
  Parsed: 1316.7 kH/s
Run 582/1000 @ 2026-01-12T13:26:26+01:00 ...
  Parsed: 1315.4 kH/s
Run 583/1000 @ 2026-01-12T13:26:31+01:00 ...
  Parsed: 1319.1 kH/s
Run 584/1000 @ 2026-01-12T13:26:35+01:00 ...
  Parsed: 1318.1 kH/s
Run 585/1000 @ 2026-01-12T13:26:39+01:00 ...
  Parsed: 1317.2 kH/s
Run 586/1000 @ 2026-01-12T13:26:43+01:00 ...
  Parsed: 1310.3 kH/s
Run 587/1000 @ 2026-01-12T13:26:48+01:00 ...
  Parsed: 1313.9 kH/s
Run 588/1000 @ 2026-01-12T13:26:52+01:00 ...
  Parsed: 1310.4 kH/s
Run 589/1000 @ 2026-01-12T13:26:56+01:00 ...
  Parsed: 1316.2 kH/s
Run 590/1000 @ 2026-01-12T13:27:00+01:00 ...
  Parsed: 1312.0 kH/s
Run 591/1000 @ 2026-01-12T13:27:05+01:00 ...
  Parsed: 1315.6 kH/s
Run 592/1000 @ 2026-01-12T13:27:09+01:00 ...
  Parsed: 1315.5 kH/s
Run 593/1000 @ 2026-01-12T13:27:13+01:00 ...
  Parsed: 1313.6 kH/s
Run 594/1000 @ 2026-01-12T13:27:17+01:00 ...
  Parsed: 1315.8 kH/s
Run 595/1000 @ 2026-01-12T13:27:21+01:00 ...
  Parsed: 1316.2 kH/s
Run 596/1000 @ 2026-01-12T13:27:26+01:00 ...
  Parsed: 1316.2 kH/s
Run 597/1000 @ 2026-01-12T13:27:30+01:00 ...
  Parsed: 1315.2 kH/s
Run 598/1000 @ 2026-01-12T13:27:34+01:00 ...
  Parsed: 1315.0 kH/s
Run 599/1000 @ 2026-01-12T13:27:38+01:00 ...
  Parsed: 1316.2 kH/s
Run 600/1000 @ 2026-01-12T13:27:43+01:00 ...
  Parsed: 1317.3 kH/s
Run 601/1000 @ 2026-01-12T13:27:47+01:00 ...
  Parsed: 1283.7 kH/s
Run 602/1000 @ 2026-01-12T13:27:51+01:00 ...
  Parsed: 1316.7 kH/s
Run 603/1000 @ 2026-01-12T13:27:55+01:00 ...
  Parsed: 1287.8 kH/s
Run 604/1000 @ 2026-01-12T13:27:59+01:00 ...
  Parsed: 1291.0 kH/s
Run 605/1000 @ 2026-01-12T13:28:02+01:00 ...
  Parsed: 1283.3 kH/s
Run 606/1000 @ 2026-01-12T13:28:06+01:00 ...
  Parsed: 1304.3 kH/s
Run 607/1000 @ 2026-01-12T13:28:10+01:00 ...
  Parsed: 1284.5 kH/s
Run 608/1000 @ 2026-01-12T13:28:14+01:00 ...
  Parsed: 1255.3 kH/s
Run 609/1000 @ 2026-01-12T13:28:17+01:00 ...
  Parsed: 1313.4 kH/s
Run 610/1000 @ 2026-01-12T13:28:22+01:00 ...
  Parsed: 1292.9 kH/s
Run 611/1000 @ 2026-01-12T13:28:25+01:00 ...
  Parsed: 1293.4 kH/s
Run 612/1000 @ 2026-01-12T13:28:29+01:00 ...
  Parsed: 1288.5 kH/s
Run 613/1000 @ 2026-01-12T13:28:33+01:00 ...
  Parsed: 1257.6 kH/s
Run 614/1000 @ 2026-01-12T13:28:36+01:00 ...
  Parsed: 1294.5 kH/s
Run 615/1000 @ 2026-01-12T13:28:40+01:00 ...
  Parsed: 1258.9 kH/s
Run 616/1000 @ 2026-01-12T13:28:44+01:00 ...
  Parsed: 1295.2 kH/s
Run 617/1000 @ 2026-01-12T13:28:47+01:00 ...
  Parsed: 1285.7 kH/s
Run 618/1000 @ 2026-01-12T13:28:51+01:00 ...
  Parsed: 1252.7 kH/s
Run 619/1000 @ 2026-01-12T13:28:55+01:00 ...
  Parsed: 1257.1 kH/s
Run 620/1000 @ 2026-01-12T13:28:58+01:00 ...
  Parsed: 1258.3 kH/s
Run 621/1000 @ 2026-01-12T13:29:02+01:00 ...
  Parsed: 1259.5 kH/s
Run 622/1000 @ 2026-01-12T13:29:06+01:00 ...
  Parsed: 1259.9 kH/s
Run 623/1000 @ 2026-01-12T13:29:09+01:00 ...
  Parsed: 1297.2 kH/s
Run 624/1000 @ 2026-01-12T13:29:13+01:00 ...
  Parsed: 1257.9 kH/s
Run 625/1000 @ 2026-01-12T13:29:17+01:00 ...
  Parsed: 1296.1 kH/s
Run 626/1000 @ 2026-01-12T13:29:20+01:00 ...
  Parsed: 1293.6 kH/s
Run 627/1000 @ 2026-01-12T13:29:24+01:00 ...
  Parsed: 1294.5 kH/s
Run 628/1000 @ 2026-01-12T13:29:28+01:00 ...
  Parsed: 1295.6 kH/s
Run 629/1000 @ 2026-01-12T13:29:31+01:00 ...
  Parsed: 1258.0 kH/s
Run 630/1000 @ 2026-01-12T13:29:35+01:00 ...
  Parsed: 1294.4 kH/s
Run 631/1000 @ 2026-01-12T13:29:39+01:00 ...
  Parsed: 1295.8 kH/s
Run 632/1000 @ 2026-01-12T13:29:43+01:00 ...
  Parsed: 1263.2 kH/s
Run 633/1000 @ 2026-01-12T13:29:46+01:00 ...
  Parsed: 1296.3 kH/s
Run 634/1000 @ 2026-01-12T13:29:50+01:00 ...
  Parsed: 1296.7 kH/s
Run 635/1000 @ 2026-01-12T13:29:54+01:00 ...
  Parsed: 1296.6 kH/s
Run 636/1000 @ 2026-01-12T13:29:57+01:00 ...
  Parsed: 1292.9 kH/s
Run 637/1000 @ 2026-01-12T13:30:01+01:00 ...
  Parsed: 1257.3 kH/s
Run 638/1000 @ 2026-01-12T13:30:05+01:00 ...
  Parsed: 1295.9 kH/s
Run 639/1000 @ 2026-01-12T13:30:08+01:00 ...
  Parsed: 1295.5 kH/s
Run 640/1000 @ 2026-01-12T13:30:12+01:00 ...
  Parsed: 1260.6 kH/s
Run 641/1000 @ 2026-01-12T13:30:16+01:00 ...
  Parsed: 1295.0 kH/s
Run 642/1000 @ 2026-01-12T13:30:19+01:00 ...
  Parsed: 1291.5 kH/s
Run 643/1000 @ 2026-01-12T13:30:23+01:00 ...
  Parsed: 1254.6 kH/s
Run 644/1000 @ 2026-01-12T13:30:27+01:00 ...
  Parsed: 1257.2 kH/s
Run 645/1000 @ 2026-01-12T13:30:30+01:00 ...
  Parsed: 1253.8 kH/s
Run 646/1000 @ 2026-01-12T13:30:34+01:00 ...
  Parsed: 1257.1 kH/s
Run 647/1000 @ 2026-01-12T13:30:38+01:00 ...
  Parsed: 1256.6 kH/s
Run 648/1000 @ 2026-01-12T13:30:41+01:00 ...
  Parsed: 1260.0 kH/s
Run 649/1000 @ 2026-01-12T13:30:45+01:00 ...
  Parsed: 1261.2 kH/s
Run 650/1000 @ 2026-01-12T13:30:48+01:00 ...
  Parsed: 1256.0 kH/s
Run 651/1000 @ 2026-01-12T13:30:52+01:00 ...
  Parsed: 1293.8 kH/s
Run 652/1000 @ 2026-01-12T13:30:56+01:00 ...
  Parsed: 1261.1 kH/s
Run 653/1000 @ 2026-01-12T13:30:59+01:00 ...
  Parsed: 1298.5 kH/s
Run 654/1000 @ 2026-01-12T13:31:03+01:00 ...
  Parsed: 1295.6 kH/s
Run 655/1000 @ 2026-01-12T13:31:07+01:00 ...
  Parsed: 1258.8 kH/s
Run 656/1000 @ 2026-01-12T13:31:10+01:00 ...
  Parsed: 1292.5 kH/s
Run 657/1000 @ 2026-01-12T13:31:14+01:00 ...
  Parsed: 1256.7 kH/s
Run 658/1000 @ 2026-01-12T13:31:18+01:00 ...
  Parsed: 1260.0 kH/s
Run 659/1000 @ 2026-01-12T13:31:21+01:00 ...
  Parsed: 1260.8 kH/s
Run 660/1000 @ 2026-01-12T13:31:25+01:00 ...
  Parsed: 1295.1 kH/s
Run 661/1000 @ 2026-01-12T13:31:28+01:00 ...
  Parsed: 1313.8 kH/s
Run 662/1000 @ 2026-01-12T13:31:32+01:00 ...
  Parsed: 1253.6 kH/s
Run 663/1000 @ 2026-01-12T13:31:36+01:00 ...
  Parsed: 1316.6 kH/s
Run 664/1000 @ 2026-01-12T13:31:40+01:00 ...
  Parsed: 1252.4 kH/s
Run 665/1000 @ 2026-01-12T13:31:44+01:00 ...
  Parsed: 1252.2 kH/s
Run 666/1000 @ 2026-01-12T13:31:47+01:00 ...
  Parsed: 1256.3 kH/s
Run 667/1000 @ 2026-01-12T13:31:51+01:00 ...
  Parsed: 1315.8 kH/s
Run 668/1000 @ 2026-01-12T13:31:55+01:00 ...
  Parsed: 1316.7 kH/s
Run 669/1000 @ 2026-01-12T13:31:59+01:00 ...
  Parsed: 1304.2 kH/s
Run 670/1000 @ 2026-01-12T13:32:03+01:00 ...
  Parsed: 1317.4 kH/s
Run 671/1000 @ 2026-01-12T13:32:08+01:00 ...
  Parsed: 1317.5 kH/s
Run 672/1000 @ 2026-01-12T13:32:12+01:00 ...
  Parsed: 1314.5 kH/s
Run 673/1000 @ 2026-01-12T13:32:16+01:00 ...
  Parsed: 1314.1 kH/s
Run 674/1000 @ 2026-01-12T13:32:20+01:00 ...
  Parsed: 1316.7 kH/s
Run 675/1000 @ 2026-01-12T13:32:25+01:00 ...
  Parsed: 1316.2 kH/s
Run 676/1000 @ 2026-01-12T13:32:29+01:00 ...
  Parsed: 1315.2 kH/s
Run 677/1000 @ 2026-01-12T13:32:33+01:00 ...
  Parsed: 1314.2 kH/s
Run 678/1000 @ 2026-01-12T13:32:37+01:00 ...
  Parsed: 1316.8 kH/s
Run 679/1000 @ 2026-01-12T13:32:42+01:00 ...
  Parsed: 1314.6 kH/s
Run 680/1000 @ 2026-01-12T13:32:46+01:00 ...
  Parsed: 1315.9 kH/s
Run 681/1000 @ 2026-01-12T13:32:50+01:00 ...
  Parsed: 1315.5 kH/s
Run 682/1000 @ 2026-01-12T13:32:54+01:00 ...
  Parsed: 1313.1 kH/s
Run 683/1000 @ 2026-01-12T13:32:59+01:00 ...
  Parsed: 1320.8 kH/s
Run 684/1000 @ 2026-01-12T13:33:03+01:00 ...
  Parsed: 1317.4 kH/s
Run 685/1000 @ 2026-01-12T13:33:07+01:00 ...
  Parsed: 1314.3 kH/s
Run 686/1000 @ 2026-01-12T13:33:11+01:00 ...
  Parsed: 1314.6 kH/s
Run 687/1000 @ 2026-01-12T13:33:16+01:00 ...
  Parsed: 1313.6 kH/s
Run 688/1000 @ 2026-01-12T13:33:20+01:00 ...
  Parsed: 1317.3 kH/s
Run 689/1000 @ 2026-01-12T13:33:24+01:00 ...
  Parsed: 1312.7 kH/s
Run 690/1000 @ 2026-01-12T13:33:28+01:00 ...
  Parsed: 1314.3 kH/s
Run 691/1000 @ 2026-01-12T13:33:32+01:00 ...
  Parsed: 1317.3 kH/s
Run 692/1000 @ 2026-01-12T13:33:37+01:00 ...
  Parsed: 1317.2 kH/s
Run 693/1000 @ 2026-01-12T13:33:41+01:00 ...
  Parsed: 1314.6 kH/s
Run 694/1000 @ 2026-01-12T13:33:45+01:00 ...
  Parsed: 1315.9 kH/s
Run 695/1000 @ 2026-01-12T13:33:49+01:00 ...
  Parsed: 1316.6 kH/s
Run 696/1000 @ 2026-01-12T13:33:54+01:00 ...
  Parsed: 1316.0 kH/s
Run 697/1000 @ 2026-01-12T13:33:58+01:00 ...
  Parsed: 1314.0 kH/s
Run 698/1000 @ 2026-01-12T13:34:02+01:00 ...
  Parsed: 1315.9 kH/s
Run 699/1000 @ 2026-01-12T13:34:06+01:00 ...
  Parsed: 1314.1 kH/s
Run 700/1000 @ 2026-01-12T13:34:11+01:00 ...
  Parsed: 1314.3 kH/s
Run 701/1000 @ 2026-01-12T13:34:15+01:00 ...
  Parsed: 1314.2 kH/s
Run 702/1000 @ 2026-01-12T13:34:19+01:00 ...
  Parsed: 1316.5 kH/s
Run 703/1000 @ 2026-01-12T13:34:23+01:00 ...
  Parsed: 1314.7 kH/s
Run 704/1000 @ 2026-01-12T13:34:28+01:00 ...
  Parsed: 1313.2 kH/s
Run 705/1000 @ 2026-01-12T13:34:32+01:00 ...
  Parsed: 1315.5 kH/s
Run 706/1000 @ 2026-01-12T13:34:36+01:00 ...
  Parsed: 1314.8 kH/s
Run 707/1000 @ 2026-01-12T13:34:40+01:00 ...
  Parsed: 1316.5 kH/s
Run 708/1000 @ 2026-01-12T13:34:45+01:00 ...
  Parsed: 1316.6 kH/s
Run 709/1000 @ 2026-01-12T13:34:49+01:00 ...
  Parsed: 1316.2 kH/s
Run 710/1000 @ 2026-01-12T13:34:53+01:00 ...
  Parsed: 1314.8 kH/s
Run 711/1000 @ 2026-01-12T13:34:57+01:00 ...
  Parsed: 1316.9 kH/s
Run 712/1000 @ 2026-01-12T13:35:02+01:00 ...
  Parsed: 1314.0 kH/s
Run 713/1000 @ 2026-01-12T13:35:06+01:00 ...
  Parsed: 1315.0 kH/s
Run 714/1000 @ 2026-01-12T13:35:10+01:00 ...
  Parsed: 1314.7 kH/s
Run 715/1000 @ 2026-01-12T13:35:14+01:00 ...
  Parsed: 1317.6 kH/s
Run 716/1000 @ 2026-01-12T13:35:19+01:00 ...
  Parsed: 1316.2 kH/s
Run 717/1000 @ 2026-01-12T13:35:23+01:00 ...
  Parsed: 1314.9 kH/s
Run 718/1000 @ 2026-01-12T13:35:27+01:00 ...
  Parsed: 1315.0 kH/s
Run 719/1000 @ 2026-01-12T13:35:31+01:00 ...
  Parsed: 1314.3 kH/s
Run 720/1000 @ 2026-01-12T13:35:36+01:00 ...
  Parsed: 1314.8 kH/s
Run 721/1000 @ 2026-01-12T13:35:40+01:00 ...
  Parsed: 1316.2 kH/s
Run 722/1000 @ 2026-01-12T13:35:44+01:00 ...
  Parsed: 1314.6 kH/s
Run 723/1000 @ 2026-01-12T13:35:48+01:00 ...
  Parsed: 1314.6 kH/s
Run 724/1000 @ 2026-01-12T13:35:53+01:00 ...
  Parsed: 1312.7 kH/s
Run 725/1000 @ 2026-01-12T13:35:57+01:00 ...
  Parsed: 1316.2 kH/s
Run 726/1000 @ 2026-01-12T13:36:01+01:00 ...
  Parsed: 1288.0 kH/s
Run 727/1000 @ 2026-01-12T13:36:05+01:00 ...
  Parsed: 1314.4 kH/s
Run 728/1000 @ 2026-01-12T13:36:09+01:00 ...
  Parsed: 1318.3 kH/s
Run 729/1000 @ 2026-01-12T13:36:13+01:00 ...
  Parsed: 1315.0 kH/s
Run 730/1000 @ 2026-01-12T13:36:18+01:00 ...
  Parsed: 1317.4 kH/s
Run 731/1000 @ 2026-01-12T13:36:22+01:00 ...
  Parsed: 1316.3 kH/s
Run 732/1000 @ 2026-01-12T13:36:26+01:00 ...
  Parsed: 1314.7 kH/s
Run 733/1000 @ 2026-01-12T13:36:30+01:00 ...
  Parsed: 1314.5 kH/s
Run 734/1000 @ 2026-01-12T13:36:35+01:00 ...
  Parsed: 1314.9 kH/s
Run 735/1000 @ 2026-01-12T13:36:39+01:00 ...
  Parsed: 1314.4 kH/s
Run 736/1000 @ 2026-01-12T13:36:43+01:00 ...
  Parsed: 1314.1 kH/s
Run 737/1000 @ 2026-01-12T13:36:47+01:00 ...
  Parsed: 1317.3 kH/s
Run 738/1000 @ 2026-01-12T13:36:52+01:00 ...
  Parsed: 1314.6 kH/s
Run 739/1000 @ 2026-01-12T13:36:56+01:00 ...
  Parsed: 1315.6 kH/s
Run 740/1000 @ 2026-01-12T13:37:00+01:00 ...
  Parsed: 1312.9 kH/s
Run 741/1000 @ 2026-01-12T13:37:04+01:00 ...
  Parsed: 1313.0 kH/s
Run 742/1000 @ 2026-01-12T13:37:08+01:00 ...
  Parsed: 1314.8 kH/s
Run 743/1000 @ 2026-01-12T13:37:13+01:00 ...
  Parsed: 1313.4 kH/s
Run 744/1000 @ 2026-01-12T13:37:17+01:00 ...
  Parsed: 1315.5 kH/s
Run 745/1000 @ 2026-01-12T13:37:21+01:00 ...
  Parsed: 1313.7 kH/s
Run 746/1000 @ 2026-01-12T13:37:25+01:00 ...
  Parsed: 1314.8 kH/s
Run 747/1000 @ 2026-01-12T13:37:29+01:00 ...
  Parsed: 1315.7 kH/s
Run 748/1000 @ 2026-01-12T13:37:34+01:00 ...
  Parsed: 1314.9 kH/s
Run 749/1000 @ 2026-01-12T13:37:38+01:00 ...
  Parsed: 1313.1 kH/s
Run 750/1000 @ 2026-01-12T13:37:42+01:00 ...
  Parsed: 1316.7 kH/s
Run 751/1000 @ 2026-01-12T13:37:46+01:00 ...
  Parsed: 1315.0 kH/s
Run 752/1000 @ 2026-01-12T13:37:51+01:00 ...
  Parsed: 1315.7 kH/s
Run 753/1000 @ 2026-01-12T13:37:55+01:00 ...
  Parsed: 1311.3 kH/s
Run 754/1000 @ 2026-01-12T13:37:59+01:00 ...
  Parsed: 1317.6 kH/s
Run 755/1000 @ 2026-01-12T13:38:03+01:00 ...
  Parsed: 1314.2 kH/s
Run 756/1000 @ 2026-01-12T13:38:08+01:00 ...
  Parsed: 1318.5 kH/s
Run 757/1000 @ 2026-01-12T13:38:12+01:00 ...
  Parsed: 1316.4 kH/s
Run 758/1000 @ 2026-01-12T13:38:16+01:00 ...
  Parsed: 1316.6 kH/s
Run 759/1000 @ 2026-01-12T13:38:20+01:00 ...
  Parsed: 1315.9 kH/s
Run 760/1000 @ 2026-01-12T13:38:25+01:00 ...
  Parsed: 1314.9 kH/s
Run 761/1000 @ 2026-01-12T13:38:29+01:00 ...
  Parsed: 1316.3 kH/s
Run 762/1000 @ 2026-01-12T13:38:33+01:00 ...
  Parsed: 1315.0 kH/s
Run 763/1000 @ 2026-01-12T13:38:37+01:00 ...
  Parsed: 1313.2 kH/s
Run 764/1000 @ 2026-01-12T13:38:42+01:00 ...
  Parsed: 1314.1 kH/s
Run 765/1000 @ 2026-01-12T13:38:46+01:00 ...
  Parsed: 1310.1 kH/s
Run 766/1000 @ 2026-01-12T13:38:50+01:00 ...
  Parsed: 1317.6 kH/s
Run 767/1000 @ 2026-01-12T13:38:54+01:00 ...
  Parsed: 1316.4 kH/s
Run 768/1000 @ 2026-01-12T13:38:58+01:00 ...
  Parsed: 1316.3 kH/s
Run 769/1000 @ 2026-01-12T13:39:03+01:00 ...
  Parsed: 1316.6 kH/s
Run 770/1000 @ 2026-01-12T13:39:07+01:00 ...
  Parsed: 1310.0 kH/s
Run 771/1000 @ 2026-01-12T13:39:11+01:00 ...
  Parsed: 1312.4 kH/s
Run 772/1000 @ 2026-01-12T13:39:15+01:00 ...
  Parsed: 1316.8 kH/s
Run 773/1000 @ 2026-01-12T13:39:20+01:00 ...
  Parsed: 1310.6 kH/s
Run 774/1000 @ 2026-01-12T13:39:24+01:00 ...
  Parsed: 1314.9 kH/s
Run 775/1000 @ 2026-01-12T13:39:28+01:00 ...
  Parsed: 1310.7 kH/s
Run 776/1000 @ 2026-01-12T13:39:32+01:00 ...
  Parsed: 1313.9 kH/s
Run 777/1000 @ 2026-01-12T13:39:37+01:00 ...
  Parsed: 1315.2 kH/s
Run 778/1000 @ 2026-01-12T13:39:41+01:00 ...
  Parsed: 1316.0 kH/s
Run 779/1000 @ 2026-01-12T13:39:45+01:00 ...
  Parsed: 1314.8 kH/s
Run 780/1000 @ 2026-01-12T13:39:49+01:00 ...
  Parsed: 1316.4 kH/s
Run 781/1000 @ 2026-01-12T13:39:54+01:00 ...
  Parsed: 1317.8 kH/s
Run 782/1000 @ 2026-01-12T13:39:58+01:00 ...
  Parsed: 1312.8 kH/s
Run 783/1000 @ 2026-01-12T13:40:02+01:00 ...
  Parsed: 1313.5 kH/s
Run 784/1000 @ 2026-01-12T13:40:06+01:00 ...
  Parsed: 1314.5 kH/s
Run 785/1000 @ 2026-01-12T13:40:11+01:00 ...
  Parsed: 1315.1 kH/s
Run 786/1000 @ 2026-01-12T13:40:15+01:00 ...
  Parsed: 1314.0 kH/s
Run 787/1000 @ 2026-01-12T13:40:19+01:00 ...
  Parsed: 1316.6 kH/s
Run 788/1000 @ 2026-01-12T13:40:23+01:00 ...
  Parsed: 1314.3 kH/s
Run 789/1000 @ 2026-01-12T13:40:28+01:00 ...
  Parsed: 1313.7 kH/s
Run 790/1000 @ 2026-01-12T13:40:32+01:00 ...
  Parsed: 1311.5 kH/s
Run 791/1000 @ 2026-01-12T13:40:36+01:00 ...
  Parsed: 1315.2 kH/s
Run 792/1000 @ 2026-01-12T13:40:40+01:00 ...
  Parsed: 1315.5 kH/s
Run 793/1000 @ 2026-01-12T13:40:44+01:00 ...
  Parsed: 1313.4 kH/s
Run 794/1000 @ 2026-01-12T13:40:49+01:00 ...
  Parsed: 1310.9 kH/s
Run 795/1000 @ 2026-01-12T13:40:53+01:00 ...
  Parsed: 1315.9 kH/s
Run 796/1000 @ 2026-01-12T13:40:57+01:00 ...
  Parsed: 1316.4 kH/s
Run 797/1000 @ 2026-01-12T13:41:01+01:00 ...
  Parsed: 1315.2 kH/s
Run 798/1000 @ 2026-01-12T13:41:06+01:00 ...
  Parsed: 1316.1 kH/s
Run 799/1000 @ 2026-01-12T13:41:10+01:00 ...
  Parsed: 1315.4 kH/s
Run 800/1000 @ 2026-01-12T13:41:14+01:00 ...
  Parsed: 1313.0 kH/s
Run 801/1000 @ 2026-01-12T13:41:18+01:00 ...
  Parsed: 1317.2 kH/s
Run 802/1000 @ 2026-01-12T13:41:23+01:00 ...
  Parsed: 1314.5 kH/s
Run 803/1000 @ 2026-01-12T13:41:27+01:00 ...
  Parsed: 1318.3 kH/s
Run 804/1000 @ 2026-01-12T13:41:31+01:00 ...
  Parsed: 1314.8 kH/s
Run 805/1000 @ 2026-01-12T13:41:35+01:00 ...
  Parsed: 1293.1 kH/s
Run 806/1000 @ 2026-01-12T13:41:39+01:00 ...
  Parsed: 1318.2 kH/s
Run 807/1000 @ 2026-01-12T13:41:44+01:00 ...
  Parsed: 1315.3 kH/s
Run 808/1000 @ 2026-01-12T13:41:48+01:00 ...
  Parsed: 1316.1 kH/s
Run 809/1000 @ 2026-01-12T13:41:52+01:00 ...
  Parsed: 1292.5 kH/s
Run 810/1000 @ 2026-01-12T13:41:56+01:00 ...
  Parsed: 1290.7 kH/s
Run 811/1000 @ 2026-01-12T13:42:00+01:00 ...
  Parsed: 1251.1 kH/s
Run 812/1000 @ 2026-01-12T13:42:03+01:00 ...
  Parsed: 1285.4 kH/s
Run 813/1000 @ 2026-01-12T13:42:07+01:00 ...
  Parsed: 1318.1 kH/s
Run 814/1000 @ 2026-01-12T13:42:11+01:00 ...
  Parsed: 1294.7 kH/s
Run 815/1000 @ 2026-01-12T13:42:15+01:00 ...
  Parsed: 1287.6 kH/s
Run 816/1000 @ 2026-01-12T13:42:19+01:00 ...
  Parsed: 1293.2 kH/s
Run 817/1000 @ 2026-01-12T13:42:22+01:00 ...
  Parsed: 1295.6 kH/s
Run 818/1000 @ 2026-01-12T13:42:26+01:00 ...
  Parsed: 1293.0 kH/s
Run 819/1000 @ 2026-01-12T13:42:30+01:00 ...
  Parsed: 1315.5 kH/s
Run 820/1000 @ 2026-01-12T13:42:34+01:00 ...
  Parsed: 1291.6 kH/s
Run 821/1000 @ 2026-01-12T13:42:38+01:00 ...
  Parsed: 1318.0 kH/s
Run 822/1000 @ 2026-01-12T13:42:42+01:00 ...
  Parsed: 1287.9 kH/s
Run 823/1000 @ 2026-01-12T13:42:46+01:00 ...
  Parsed: 1292.0 kH/s
Run 824/1000 @ 2026-01-12T13:42:50+01:00 ...
  Parsed: 1292.5 kH/s
Run 825/1000 @ 2026-01-12T13:42:53+01:00 ...
  Parsed: 1316.6 kH/s
Run 826/1000 @ 2026-01-12T13:42:58+01:00 ...
  Parsed: 1317.3 kH/s
Run 827/1000 @ 2026-01-12T13:43:02+01:00 ...
  Parsed: 1315.9 kH/s
Run 828/1000 @ 2026-01-12T13:43:06+01:00 ...
  Parsed: 1318.9 kH/s
Run 829/1000 @ 2026-01-12T13:43:10+01:00 ...
  Parsed: 1261.2 kH/s
Run 830/1000 @ 2026-01-12T13:43:14+01:00 ...
  Parsed: 1318.9 kH/s
Run 831/1000 @ 2026-01-12T13:43:18+01:00 ...
  Parsed: 1293.9 kH/s
Run 832/1000 @ 2026-01-12T13:43:22+01:00 ...
  Parsed: 1290.8 kH/s
Run 833/1000 @ 2026-01-12T13:43:26+01:00 ...
  Parsed: 1258.3 kH/s
Run 834/1000 @ 2026-01-12T13:43:30+01:00 ...
  Parsed: 1318.0 kH/s
Run 835/1000 @ 2026-01-12T13:43:34+01:00 ...
  Parsed: 1285.0 kH/s
Run 836/1000 @ 2026-01-12T13:43:38+01:00 ...
  Parsed: 1313.9 kH/s
Run 837/1000 @ 2026-01-12T13:43:42+01:00 ...
  Parsed: 1317.0 kH/s
Run 838/1000 @ 2026-01-12T13:43:46+01:00 ...
  Parsed: 1318.4 kH/s
Run 839/1000 @ 2026-01-12T13:43:50+01:00 ...
  Parsed: 1316.6 kH/s
Run 840/1000 @ 2026-01-12T13:43:55+01:00 ...
  Parsed: 1318.3 kH/s
Run 841/1000 @ 2026-01-12T13:43:59+01:00 ...
  Parsed: 1317.6 kH/s
Run 842/1000 @ 2026-01-12T13:44:03+01:00 ...
  Parsed: 1317.1 kH/s
Run 843/1000 @ 2026-01-12T13:44:08+01:00 ...
  Parsed: 1286.7 kH/s
Run 844/1000 @ 2026-01-12T13:44:12+01:00 ...
  Parsed: 1319.3 kH/s
Run 845/1000 @ 2026-01-12T13:44:16+01:00 ...
  Parsed: 1292.2 kH/s
Run 846/1000 @ 2026-01-12T13:44:20+01:00 ...
  Parsed: 1316.2 kH/s
Run 847/1000 @ 2026-01-12T13:44:24+01:00 ...
  Parsed: 1295.5 kH/s
Run 848/1000 @ 2026-01-12T13:44:28+01:00 ...
  Parsed: 1295.4 kH/s
Run 849/1000 @ 2026-01-12T13:44:31+01:00 ...
  Parsed: 1286.8 kH/s
Run 850/1000 @ 2026-01-12T13:44:35+01:00 ...
  Parsed: 1290.0 kH/s
Run 851/1000 @ 2026-01-12T13:44:39+01:00 ...
  Parsed: 1289.8 kH/s
Run 852/1000 @ 2026-01-12T13:44:43+01:00 ...
  Parsed: 1315.4 kH/s
Run 853/1000 @ 2026-01-12T13:44:47+01:00 ...
  Parsed: 1318.9 kH/s
Run 854/1000 @ 2026-01-12T13:44:51+01:00 ...
  Parsed: 1315.1 kH/s
Run 855/1000 @ 2026-01-12T13:44:55+01:00 ...
  Parsed: 1296.1 kH/s
Run 856/1000 @ 2026-01-12T13:44:59+01:00 ...
  Parsed: 1317.7 kH/s
Run 857/1000 @ 2026-01-12T13:45:04+01:00 ...
  Parsed: 1319.5 kH/s
Run 858/1000 @ 2026-01-12T13:45:08+01:00 ...
  Parsed: 1291.7 kH/s
Run 859/1000 @ 2026-01-12T13:45:12+01:00 ...
  Parsed: 1316.4 kH/s
Run 860/1000 @ 2026-01-12T13:45:16+01:00 ...
  Parsed: 1312.3 kH/s
Run 861/1000 @ 2026-01-12T13:45:20+01:00 ...
  Parsed: 1259.6 kH/s
Run 862/1000 @ 2026-01-12T13:45:24+01:00 ...
  Parsed: 1315.8 kH/s
Run 863/1000 @ 2026-01-12T13:45:28+01:00 ...
  Parsed: 1320.6 kH/s
Run 864/1000 @ 2026-01-12T13:45:32+01:00 ...
  Parsed: 1316.7 kH/s
Run 865/1000 @ 2026-01-12T13:45:37+01:00 ...
  Parsed: 1313.3 kH/s
Run 866/1000 @ 2026-01-12T13:45:41+01:00 ...
  Parsed: 1314.7 kH/s
Run 867/1000 @ 2026-01-12T13:45:45+01:00 ...
  Parsed: 1295.9 kH/s
Run 868/1000 @ 2026-01-12T13:45:49+01:00 ...
  Parsed: 1316.3 kH/s
Run 869/1000 @ 2026-01-12T13:45:54+01:00 ...
  Parsed: 1319.6 kH/s
Run 870/1000 @ 2026-01-12T13:45:58+01:00 ...
  Parsed: 1317.9 kH/s
Run 871/1000 @ 2026-01-12T13:46:02+01:00 ...
  Parsed: 1321.6 kH/s
Run 872/1000 @ 2026-01-12T13:46:06+01:00 ...
  Parsed: 1316.1 kH/s
Run 873/1000 @ 2026-01-12T13:46:11+01:00 ...
  Parsed: 1319.9 kH/s
Run 874/1000 @ 2026-01-12T13:46:15+01:00 ...
  Parsed: 1313.4 kH/s
Run 875/1000 @ 2026-01-12T13:46:19+01:00 ...
  Parsed: 1314.8 kH/s
Run 876/1000 @ 2026-01-12T13:46:24+01:00 ...
  Parsed: 1318.5 kH/s
Run 877/1000 @ 2026-01-12T13:46:27+01:00 ...
  Parsed: 1317.2 kH/s
Run 878/1000 @ 2026-01-12T13:46:32+01:00 ...
  Parsed: 1292.7 kH/s
Run 879/1000 @ 2026-01-12T13:46:36+01:00 ...
  Parsed: 1316.5 kH/s
Run 880/1000 @ 2026-01-12T13:46:40+01:00 ...
  Parsed: 1316.5 kH/s
Run 881/1000 @ 2026-01-12T13:46:44+01:00 ...
  Parsed: 1316.1 kH/s
Run 882/1000 @ 2026-01-12T13:46:48+01:00 ...
  Parsed: 1318.7 kH/s
Run 883/1000 @ 2026-01-12T13:46:53+01:00 ...
  Parsed: 1316.1 kH/s
Run 884/1000 @ 2026-01-12T13:46:57+01:00 ...
  Parsed: 1316.7 kH/s
Run 885/1000 @ 2026-01-12T13:47:01+01:00 ...
  Parsed: 1319.9 kH/s
Run 886/1000 @ 2026-01-12T13:47:05+01:00 ...
  Parsed: 1311.7 kH/s
Run 887/1000 @ 2026-01-12T13:47:09+01:00 ...
  Parsed: 1299.1 kH/s
Run 888/1000 @ 2026-01-12T13:47:13+01:00 ...
  Parsed: 1320.0 kH/s
Run 889/1000 @ 2026-01-12T13:47:17+01:00 ...
  Parsed: 1316.0 kH/s
Run 890/1000 @ 2026-01-12T13:47:21+01:00 ...
  Parsed: 1316.1 kH/s
Run 891/1000 @ 2026-01-12T13:47:26+01:00 ...
  Parsed: 1317.1 kH/s
Run 892/1000 @ 2026-01-12T13:47:30+01:00 ...
  Parsed: 1252.6 kH/s
Run 893/1000 @ 2026-01-12T13:47:34+01:00 ...
  Parsed: 1256.7 kH/s
Run 894/1000 @ 2026-01-12T13:47:37+01:00 ...
  Parsed: 1257.2 kH/s
Run 895/1000 @ 2026-01-12T13:47:41+01:00 ...
  Parsed: 1318.4 kH/s
Run 896/1000 @ 2026-01-12T13:47:45+01:00 ...
  Parsed: 1293.5 kH/s
Run 897/1000 @ 2026-01-12T13:47:49+01:00 ...
  Parsed: 1317.5 kH/s
Run 898/1000 @ 2026-01-12T13:47:53+01:00 ...
  Parsed: 1259.2 kH/s
Run 899/1000 @ 2026-01-12T13:47:57+01:00 ...
  Parsed: 1313.9 kH/s
Run 900/1000 @ 2026-01-12T13:48:01+01:00 ...
  Parsed: 1294.3 kH/s
Run 901/1000 @ 2026-01-12T13:48:05+01:00 ...
  Parsed: 1317.1 kH/s
Run 902/1000 @ 2026-01-12T13:48:09+01:00 ...
  Parsed: 1292.6 kH/s
Run 903/1000 @ 2026-01-12T13:48:13+01:00 ...
  Parsed: 1291.2 kH/s
Run 904/1000 @ 2026-01-12T13:48:17+01:00 ...
  Parsed: 1293.7 kH/s
Run 905/1000 @ 2026-01-12T13:48:21+01:00 ...
  Parsed: 1292.7 kH/s
Run 906/1000 @ 2026-01-12T13:48:25+01:00 ...
  Parsed: 1290.8 kH/s
Run 907/1000 @ 2026-01-12T13:48:28+01:00 ...
  Parsed: 1315.9 kH/s
Run 908/1000 @ 2026-01-12T13:48:33+01:00 ...
  Parsed: 1290.3 kH/s
Run 909/1000 @ 2026-01-12T13:48:36+01:00 ...
  Parsed: 1254.1 kH/s
Run 910/1000 @ 2026-01-12T13:48:40+01:00 ...
  Parsed: 1250.3 kH/s
Run 911/1000 @ 2026-01-12T13:48:44+01:00 ...
  Parsed: 1314.9 kH/s
Run 912/1000 @ 2026-01-12T13:48:48+01:00 ...
  Parsed: 1295.7 kH/s
Run 913/1000 @ 2026-01-12T13:48:52+01:00 ...
  Parsed: 1293.8 kH/s
Run 914/1000 @ 2026-01-12T13:48:55+01:00 ...
  Parsed: 1294.4 kH/s
Run 915/1000 @ 2026-01-12T13:48:59+01:00 ...
  Parsed: 1314.0 kH/s
Run 916/1000 @ 2026-01-12T13:49:03+01:00 ...
  Parsed: 1315.2 kH/s
Run 917/1000 @ 2026-01-12T13:49:08+01:00 ...
  Parsed: 1257.9 kH/s
Run 918/1000 @ 2026-01-12T13:49:11+01:00 ...
  Parsed: 1256.3 kH/s
Run 919/1000 @ 2026-01-12T13:49:15+01:00 ...
  Parsed: 1284.3 kH/s
Run 920/1000 @ 2026-01-12T13:49:19+01:00 ...
  Parsed: 1315.2 kH/s
Run 921/1000 @ 2026-01-12T13:49:23+01:00 ...
  Parsed: 1316.8 kH/s
Run 922/1000 @ 2026-01-12T13:49:27+01:00 ...
  Parsed: 1317.7 kH/s
Run 923/1000 @ 2026-01-12T13:49:31+01:00 ...
  Parsed: 1315.0 kH/s
Run 924/1000 @ 2026-01-12T13:49:36+01:00 ...
  Parsed: 1315.0 kH/s
Run 925/1000 @ 2026-01-12T13:49:40+01:00 ...
  Parsed: 1315.4 kH/s
Run 926/1000 @ 2026-01-12T13:49:44+01:00 ...
  Parsed: 1313.3 kH/s
Run 927/1000 @ 2026-01-12T13:49:48+01:00 ...
  Parsed: 1316.6 kH/s
Run 928/1000 @ 2026-01-12T13:49:53+01:00 ...
  Parsed: 1314.5 kH/s
Run 929/1000 @ 2026-01-12T13:49:57+01:00 ...
  Parsed: 1254.8 kH/s
Run 930/1000 @ 2026-01-12T13:50:01+01:00 ...
  Parsed: 1292.7 kH/s
Run 931/1000 @ 2026-01-12T13:50:04+01:00 ...
  Parsed: 1310.4 kH/s
Run 932/1000 @ 2026-01-12T13:50:09+01:00 ...
  Parsed: 1292.0 kH/s
Run 933/1000 @ 2026-01-12T13:50:12+01:00 ...
  Parsed: 1314.2 kH/s
Run 934/1000 @ 2026-01-12T13:50:17+01:00 ...
  Parsed: 1314.8 kH/s
Run 935/1000 @ 2026-01-12T13:50:21+01:00 ...
  Parsed: 1313.9 kH/s
Run 936/1000 @ 2026-01-12T13:50:25+01:00 ...
  Parsed: 1315.7 kH/s
Run 937/1000 @ 2026-01-12T13:50:29+01:00 ...
  Parsed: 1313.8 kH/s
Run 938/1000 @ 2026-01-12T13:50:34+01:00 ...
  Parsed: 1316.2 kH/s
Run 939/1000 @ 2026-01-12T13:50:38+01:00 ...
  Parsed: 1253.1 kH/s
Run 940/1000 @ 2026-01-12T13:50:42+01:00 ...
  Parsed: 1315.5 kH/s
Run 941/1000 @ 2026-01-12T13:50:46+01:00 ...
  Parsed: 1316.6 kH/s
Run 942/1000 @ 2026-01-12T13:50:50+01:00 ...
  Parsed: 1316.3 kH/s
Run 943/1000 @ 2026-01-12T13:50:54+01:00 ...
  Parsed: 1314.7 kH/s
Run 944/1000 @ 2026-01-12T13:50:59+01:00 ...
  Parsed: 1314.7 kH/s
Run 945/1000 @ 2026-01-12T13:51:03+01:00 ...
  Parsed: 1312.6 kH/s
Run 946/1000 @ 2026-01-12T13:51:07+01:00 ...
  Parsed: 1313.9 kH/s
Run 947/1000 @ 2026-01-12T13:51:11+01:00 ...
  Parsed: 1317.0 kH/s
Run 948/1000 @ 2026-01-12T13:51:15+01:00 ...
  Parsed: 1315.2 kH/s
Run 949/1000 @ 2026-01-12T13:51:19+01:00 ...
  Parsed: 1318.3 kH/s
Run 950/1000 @ 2026-01-12T13:51:23+01:00 ...
  Parsed: 1312.6 kH/s
Run 951/1000 @ 2026-01-12T13:51:28+01:00 ...
  Parsed: 1317.0 kH/s
Run 952/1000 @ 2026-01-12T13:51:32+01:00 ...
  Parsed: 1313.6 kH/s
Run 953/1000 @ 2026-01-12T13:51:36+01:00 ...
  Parsed: 1315.5 kH/s
Run 954/1000 @ 2026-01-12T13:51:40+01:00 ...
  Parsed: 1293.4 kH/s
Run 955/1000 @ 2026-01-12T13:51:44+01:00 ...
  Parsed: 1313.0 kH/s
Run 956/1000 @ 2026-01-12T13:51:48+01:00 ...
  Parsed: 1314.8 kH/s
Run 957/1000 @ 2026-01-12T13:51:53+01:00 ...
  Parsed: 1314.7 kH/s
Run 958/1000 @ 2026-01-12T13:51:57+01:00 ...
  Parsed: 1315.2 kH/s
Run 959/1000 @ 2026-01-12T13:52:01+01:00 ...
  Parsed: 1296.2 kH/s
Run 960/1000 @ 2026-01-12T13:52:05+01:00 ...
  Parsed: 1315.5 kH/s
Run 961/1000 @ 2026-01-12T13:52:09+01:00 ...
  Parsed: 1313.4 kH/s
Run 962/1000 @ 2026-01-12T13:52:13+01:00 ...
  Parsed: 1313.5 kH/s
Run 963/1000 @ 2026-01-12T13:52:17+01:00 ...
  Parsed: 1310.7 kH/s
Run 964/1000 @ 2026-01-12T13:52:21+01:00 ...
  Parsed: 1314.3 kH/s
Run 965/1000 @ 2026-01-12T13:52:25+01:00 ...
  Parsed: 1314.3 kH/s
Run 966/1000 @ 2026-01-12T13:52:30+01:00 ...
  Parsed: 1311.0 kH/s
Run 967/1000 @ 2026-01-12T13:52:34+01:00 ...
  Parsed: 1317.5 kH/s
Run 968/1000 @ 2026-01-12T13:52:38+01:00 ...
  Parsed: 1314.0 kH/s
Run 969/1000 @ 2026-01-12T13:52:42+01:00 ...
  Parsed: 1312.8 kH/s
Run 970/1000 @ 2026-01-12T13:52:46+01:00 ...
  Parsed: 1316.5 kH/s
Run 971/1000 @ 2026-01-12T13:52:50+01:00 ...
  Parsed: 1315.5 kH/s
Run 972/1000 @ 2026-01-12T13:52:55+01:00 ...
  Parsed: 1317.8 kH/s
Run 973/1000 @ 2026-01-12T13:52:59+01:00 ...
  Parsed: 1253.9 kH/s
Run 974/1000 @ 2026-01-12T13:53:03+01:00 ...
  Parsed: 1313.0 kH/s
Run 975/1000 @ 2026-01-12T13:53:07+01:00 ...
  Parsed: 1312.4 kH/s
Run 976/1000 @ 2026-01-12T13:53:11+01:00 ...
  Parsed: 1314.5 kH/s
Run 977/1000 @ 2026-01-12T13:53:15+01:00 ...
  Parsed: 1314.2 kH/s
Run 978/1000 @ 2026-01-12T13:53:20+01:00 ...
  Parsed: 1315.0 kH/s
Run 979/1000 @ 2026-01-12T13:53:24+01:00 ...
  Parsed: 1315.9 kH/s
Run 980/1000 @ 2026-01-12T13:53:28+01:00 ...
  Parsed: 1316.9 kH/s
Run 981/1000 @ 2026-01-12T13:53:32+01:00 ...
  Parsed: 1317.0 kH/s
Run 982/1000 @ 2026-01-12T13:53:37+01:00 ...
  Parsed: 1315.3 kH/s
Run 983/1000 @ 2026-01-12T13:53:41+01:00 ...
  Parsed: 1310.3 kH/s
Run 984/1000 @ 2026-01-12T13:53:45+01:00 ...
  Parsed: 1317.2 kH/s
Run 985/1000 @ 2026-01-12T13:53:49+01:00 ...
  Parsed: 1315.2 kH/s
Run 986/1000 @ 2026-01-12T13:53:54+01:00 ...
  Parsed: 1314.1 kH/s
Run 987/1000 @ 2026-01-12T13:53:58+01:00 ...
  Parsed: 1315.8 kH/s
Run 988/1000 @ 2026-01-12T13:54:02+01:00 ...
  Parsed: 1314.2 kH/s
Run 989/1000 @ 2026-01-12T13:54:06+01:00 ...
  Parsed: 1315.1 kH/s
Run 990/1000 @ 2026-01-12T13:54:11+01:00 ...
  Parsed: 1290.8 kH/s
Run 991/1000 @ 2026-01-12T13:54:14+01:00 ...
  Parsed: 1312.1 kH/s
Run 992/1000 @ 2026-01-12T13:54:19+01:00 ...
  Parsed: 1314.2 kH/s
Run 993/1000 @ 2026-01-12T13:54:23+01:00 ...
  Parsed: 1315.1 kH/s
Run 994/1000 @ 2026-01-12T13:54:27+01:00 ...
  Parsed: 1316.5 kH/s
Run 995/1000 @ 2026-01-12T13:54:31+01:00 ...
  Parsed: 1315.4 kH/s
Run 996/1000 @ 2026-01-12T13:54:36+01:00 ...
  Parsed: 1311.3 kH/s
Run 997/1000 @ 2026-01-12T13:54:40+01:00 ...
  Parsed: 1317.4 kH/s
Run 998/1000 @ 2026-01-12T13:54:44+01:00 ...
  Parsed: 1315.8 kH/s
Run 999/1000 @ 2026-01-12T13:54:48+01:00 ...
  Parsed: 1316.3 kH/s
Run 1000/1000 @ 2026-01-12T13:54:53+01:00 ...
  Parsed: 1314.9 kH/s

Done.
CSV: bip39_gpu_hashcat_raw.csv
LOG: bip39_gpu_hashcat_raw.log
